[INFO] 01:56:04:100 DebugSindicato/(9253:9254): [SERVER] Servidor Creado
[INFO] 01:57:08:74 DebugSindicato/(9266:9267): [SERVER] Servidor Creado
[INFO] 01:59:22:271 DebugSindicato/(9329:9330): [SERVER] Servidor Creado
[INFO] 02:02:02:778 DebugSindicato/(9424:9425): [SERVER] Servidor Creado
[INFO] 02:08:36:717 DebugSindicato/(9529:9530): [SERVER] Servidor Creado
[INFO] 02:12:06:86 DebugSindicato/(9615:9616): [SERVER] Servidor Creado
[INFO] 02:19:55:469 DebugSindicato/(9753:9754): [SERVER] Servidor Creado
[INFO] 02:21:04:394 DebugSindicato/(9824:9825): [SERVER] Servidor Creado
[INFO] 02:22:14:276 DebugSindicato/(9878:9879): [SERVER] Servidor Creado
[INFO] 02:26:12:211 DebugSindicato/(10091:10092): [SERVER] Servidor Creado
[INFO] 02:27:51:59 DebugSindicato/(10173:10174): [SERVER] Servidor Creado
[INFO] 02:29:19:997 DebugSindicato/(10273:10274): [SERVER] Servidor Creado
[INFO] 02:43:40:17 DebugSindicato/(10577:10578): [SERVER] Servidor Creado
[INFO] 02:45:13:515 DebugSindicato/(10637:10638): [SERVER] Servidor Creado
[INFO] 02:57:52:315 DebugSindicato/(10804:10805): [SERVER] Servidor Creado
[INFO] 02:58:48:947 DebugSindicato/(10860:10861): [SERVER] Servidor Creado
[INFO] 03:00:03:573 DebugSindicato/(10921:10922): [SERVER] Servidor Creado
[INFO] 03:05:39:704 DebugSindicato/(11025:11026): [SERVER] Servidor Creado
[INFO] 21:02:03:823 DebugSindicato/(5152:5152): [FILESYSTEM] Carpeta existente: /home/utnso/workspace/tp-2020-2c-CoronaLinux/Sindicato/afip
[INFO] 21:02:03:823 DebugSindicato/(5152:5152): [FILESYSTEM] Carpeta existente: /home/utnso/workspace/tp-2020-2c-CoronaLinux/Sindicato/afip/Metadata
[INFO] 21:02:03:823 DebugSindicato/(5152:5152): [FILESYSTEM] Carpeta existente: /home/utnso/workspace/tp-2020-2c-CoronaLinux/Sindicato/afip/Files
[INFO] 21:02:03:823 DebugSindicato/(5152:5152): [FILESYSTEM] Carpeta existente: /home/utnso/workspace/tp-2020-2c-CoronaLinux/Sindicato/afip/Files/Receta
[INFO] 21:02:03:823 DebugSindicato/(5152:5152): [FILESYSTEM] Carpeta existente: /home/utnso/workspace/tp-2020-2c-CoronaLinux/Sindicato/afip/Files/Restaurante
[INFO] 21:02:03:824 DebugSindicato/(5152:5153): [SERVER] Servidor Creado
[INFO] 22:44:03:223 DebugSindicato/(8228:8228): [FILESYSTEM] Carpeta existente: /home/utnso/workspace/tp-2020-2c-CoronaLinux/Sindicato/afip
[INFO] 22:44:03:223 DebugSindicato/(8228:8228): [FILESYSTEM] Carpeta existente: /home/utnso/workspace/tp-2020-2c-CoronaLinux/Sindicato/afip/Metadata
[INFO] 22:44:03:223 DebugSindicato/(8228:8228): [FILESYSTEM] Carpeta existente: /home/utnso/workspace/tp-2020-2c-CoronaLinux/Sindicato/afip/Files
[INFO] 22:44:03:223 DebugSindicato/(8228:8228): [FILESYSTEM] Carpeta existente: /home/utnso/workspace/tp-2020-2c-CoronaLinux/Sindicato/afip/Files/Receta
[INFO] 22:44:03:223 DebugSindicato/(8228:8228): [FILESYSTEM] Carpeta existente: /home/utnso/workspace/tp-2020-2c-CoronaLinux/Sindicato/afip/Files/Restaurante
[INFO] 22:44:03:224 DebugSindicato/(8228:8229): [SERVER] Servidor Creado
[INFO] 23:59:19:308 DebugSindicato/(10142:10142): [FILESYSTEM] Carpeta existente: /home/utnso/workspace/tp-2020-2c-CoronaLinux/Sindicato/afip
[INFO] 23:59:19:308 DebugSindicato/(10142:10142): [FILESYSTEM] Carpeta existente: /home/utnso/workspace/tp-2020-2c-CoronaLinux/Sindicato/afip/Metadata
[INFO] 23:59:19:308 DebugSindicato/(10142:10142): [FILESYSTEM] Carpeta existente: /home/utnso/workspace/tp-2020-2c-CoronaLinux/Sindicato/afip/Files
[INFO] 23:59:19:308 DebugSindicato/(10142:10142): [FILESYSTEM] Carpeta existente: /home/utnso/workspace/tp-2020-2c-CoronaLinux/Sindicato/afip/Files/Receta
[INFO] 23:59:19:308 DebugSindicato/(10142:10142): [FILESYSTEM] Carpeta existente: /home/utnso/workspace/tp-2020-2c-CoronaLinux/Sindicato/afip/Files/Restaurante
[INFO] 23:59:19:309 DebugSindicato/(10142:10143): [SERVER] Servidor Creado
[INFO] 22:12:02:970 DebugSindicato/(28540:28540): [FILESYSTEM] Carpeta existente: /home/utnso/workspace/tp-2020-2c-CoronaLinux/Sindicato/afip
[INFO] 22:12:02:991 DebugSindicato/(28540:28540): [FILESYSTEM] Carpeta existente: /home/utnso/workspace/tp-2020-2c-CoronaLinux/Sindicato/afip/Metadata
[INFO] 22:12:02:991 DebugSindicato/(28540:28540): [FILESYSTEM] Carpeta existente: /home/utnso/workspace/tp-2020-2c-CoronaLinux/Sindicato/afip/Files
[INFO] 22:12:02:991 DebugSindicato/(28540:28540): [FILESYSTEM] Carpeta existente: /home/utnso/workspace/tp-2020-2c-CoronaLinux/Sindicato/afip/Files/Receta
[INFO] 22:12:02:991 DebugSindicato/(28540:28540): [FILESYSTEM] Carpeta existente: /home/utnso/workspace/tp-2020-2c-CoronaLinux/Sindicato/afip/Files/Restaurante
[INFO] 22:12:02:992 DebugSindicato/(28540:28541): [SERVER] Servidor Creado
[INFO] 00:38:22:19 DebugSindicato/(30160:30160): [FILESYSTEM] Carpeta existente: /home/utnso/workspace/tp-2020-2c-CoronaLinux/Sindicato/afip
[INFO] 00:38:22:19 DebugSindicato/(30160:30160): [FILESYSTEM] Carpeta existente: /home/utnso/workspace/tp-2020-2c-CoronaLinux/Sindicato/afip/Metadata
[INFO] 00:38:22:19 DebugSindicato/(30160:30160): [FILESYSTEM] Carpeta existente: /home/utnso/workspace/tp-2020-2c-CoronaLinux/Sindicato/afip/Files
[INFO] 00:38:22:19 DebugSindicato/(30160:30160): [FILESYSTEM] Carpeta existente: /home/utnso/workspace/tp-2020-2c-CoronaLinux/Sindicato/afip/Files/Receta
[INFO] 00:38:22:19 DebugSindicato/(30160:30160): [FILESYSTEM] Carpeta existente: /home/utnso/workspace/tp-2020-2c-CoronaLinux/Sindicato/afip/Files/Restaurante
[INFO] 00:38:22:20 DebugSindicato/(30160:30161): [SERVER] Servidor Creado
[INFO] 00:40:57:856 DebugSindicato/(30218:30218): [FILESYSTEM] Carpeta existente: /home/utnso/workspace/tp-2020-2c-CoronaLinux/Sindicato/afip
[INFO] 00:40:57:856 DebugSindicato/(30218:30218): [FILESYSTEM] Carpeta existente: /home/utnso/workspace/tp-2020-2c-CoronaLinux/Sindicato/afip/Metadata
[INFO] 00:40:57:856 DebugSindicato/(30218:30218): [FILESYSTEM] Carpeta existente: /home/utnso/workspace/tp-2020-2c-CoronaLinux/Sindicato/afip/Files
[INFO] 00:40:57:856 DebugSindicato/(30218:30218): [FILESYSTEM] Carpeta existente: /home/utnso/workspace/tp-2020-2c-CoronaLinux/Sindicato/afip/Files/Receta
[INFO] 00:40:57:856 DebugSindicato/(30218:30218): [FILESYSTEM] Carpeta existente: /home/utnso/workspace/tp-2020-2c-CoronaLinux/Sindicato/afip/Files/Restaurante
[INFO] 00:40:57:857 DebugSindicato/(30218:30219): [SERVER] Servidor Creado
[INFO] 00:42:37:580 DebugSindicato/(30218:30294): AsadoCompleto
[INFO] 18:59:57:917 DebugSindicato/(7052:7052): [FILESYSTEM] Carpeta existente: /home/utnso/workspace/tp-2020-2c-CoronaLinux/Sindicato/afip
[INFO] 18:59:57:926 DebugSindicato/(7052:7052): [FILESYSTEM] Carpeta existente: /home/utnso/workspace/tp-2020-2c-CoronaLinux/Sindicato/afip/Metadata
[INFO] 18:59:57:926 DebugSindicato/(7052:7052): [FILESYSTEM] Carpeta existente: /home/utnso/workspace/tp-2020-2c-CoronaLinux/Sindicato/afip/Files
[INFO] 18:59:57:926 DebugSindicato/(7052:7052): [FILESYSTEM] Carpeta existente: /home/utnso/workspace/tp-2020-2c-CoronaLinux/Sindicato/afip/Files/Receta
[INFO] 18:59:57:926 DebugSindicato/(7052:7052): [FILESYSTEM] Carpeta existente: /home/utnso/workspace/tp-2020-2c-CoronaLinux/Sindicato/afip/Files/Restaurante
[INFO] 18:59:57:927 DebugSindicato/(7052:7053): [SERVER] Servidor Creado
[INFO] 19:00:19:89 DebugSindicato/(7052:7070): AsadoCompleto
[INFO] 21:49:46:511 DebugSindicato/(6807:6807): [FILESYSTEM] Carpeta existente: /home/utnso/workspace/tp-2020-2c-CoronaLinux/Sindicato/afip
[INFO] 21:49:46:514 DebugSindicato/(6807:6807): [FILESYSTEM] Carpeta existente: /home/utnso/workspace/tp-2020-2c-CoronaLinux/Sindicato/afip/Metadata
[INFO] 21:49:46:514 DebugSindicato/(6807:6807): [FILESYSTEM] Carpeta existente: /home/utnso/workspace/tp-2020-2c-CoronaLinux/Sindicato/afip/Files
[INFO] 21:49:46:514 DebugSindicato/(6807:6807): [FILESYSTEM] Carpeta existente: /home/utnso/workspace/tp-2020-2c-CoronaLinux/Sindicato/afip/Files/Receta
[INFO] 21:49:46:514 DebugSindicato/(6807:6807): [FILESYSTEM] Carpeta existente: /home/utnso/workspace/tp-2020-2c-CoronaLinux/Sindicato/afip/Files/Restaurante
[INFO] 21:49:46:515 DebugSindicato/(6807:6808): [SERVER] Servidor Creado
[INFO] 21:50:44:806 DebugSindicato/(6807:6863): AsadoCompleto
[INFO] 21:50:44:806 DebugSindicato/(6807:6863): Choripan
[INFO] 21:53:04:441 DebugSindicato/(6807:6908): AsadoCompleto
[INFO] 21:53:17:421 DebugSindicato/(6807:6921): AsadoCompleto
[INFO] 21:53:44:488 DebugSindicato/(6807:6934): AsadoCompleto
[INFO] 21:54:00:442 DebugSindicato/(6807:6954): AsadoCompleto
[INFO] 21:55:25:870 DebugSindicato/(6807:6977): AsadoCompleto
[INFO] 21:57:52:932 DebugSindicato/(6807:7063): AsadoCompleto
[INFO] 21:58:26:164 DebugSindicato/(6807:7122): AsadoCompleto
[INFO] 21:58:35:781 DebugSindicato/(6807:7130): AsadoCompleto
[INFO] 21:59:45:636 DebugSindicato/(6807:7190): AsadoCompleto
[INFO] 22:00:55:572 DebugSindicato/(6807:7255): AsadoCompleto
