[DEBUG] 20:14:13:559 App/(17576:17576): [CONFIG] Path del log obligatorio: /home/utnso/logs/app.log
[DEBUG] 20:14:13:564 App/(17576:17576): [CONFIG] IP de Comanda: 127.0.0.1
[DEBUG] 20:14:13:565 App/(17576:17576): [CONFIG] Puerto de Comanda: 5001
[DEBUG] 20:14:13:569 App/(17576:17576): [CONFIG] Puerto de escucha: 5004
[DEBUG] 20:14:13:570 App/(17576:17576): [CONFIG] Retardo de ciclo de CPU: 1
[DEBUG] 20:14:13:571 App/(17576:17576): [CONFIG] Grado de multiprocesamiento: 1
[DEBUG] 20:14:13:574 App/(17576:17576): [CONFIG] Algoritmo de planificacion: FIFO
[DEBUG] 20:14:13:577 App/(17576:17576): [CONFIG] Repartidores:
[DEBUG] 20:14:13:579 App/(17576:17576): [CONFIG] |	<0>
[DEBUG] 20:14:13:579 App/(17576:17576): [CONFIG] |	|	Pos. X: 3
[DEBUG] 20:14:13:579 App/(17576:17576): [CONFIG] |	|	Pos. Y: 5
[DEBUG] 20:14:13:580 App/(17576:17576): [CONFIG] |	|	Tiempo de descanso: 5
[DEBUG] 20:14:13:580 App/(17576:17576): [CONFIG] |	|	Frecuencia de descanso: 1
[DEBUG] 20:14:13:580 App/(17576:17576): [CONFIG] |	<1>
[DEBUG] 20:14:13:581 App/(17576:17576): [CONFIG] |	|	Pos. X: 1
[DEBUG] 20:14:13:581 App/(17576:17576): [CONFIG] |	|	Pos. Y: 1
[DEBUG] 20:14:13:581 App/(17576:17576): [CONFIG] |	|	Tiempo de descanso: 1
[DEBUG] 20:14:13:581 App/(17576:17576): [CONFIG] |	|	Frecuencia de descanso: 2
[DEBUG] 20:14:13:581 App/(17576:17576): [CONFIG] Platos del restaurant default:
[DEBUG] 20:14:13:581 App/(17576:17576): [CONFIG] |	Milanesa
[DEBUG] 20:14:13:581 App/(17576:17576): [CONFIG] |	Ensalada
[DEBUG] 20:14:13:582 App/(17576:17576): [CONFIG] Pos. X restaurant default: 0
[DEBUG] 20:14:13:582 App/(17576:17576): [CONFIG] Pos. Y restaurant default: 0
[DEBUG] 20:30:37:561 App/(17799:17799): [CONFIG] Path del log obligatorio: /home/utnso/logs/app.log
[DEBUG] 20:30:37:565 App/(17799:17799): [CONFIG] IP de Comanda: 127.0.0.1
[DEBUG] 20:30:37:566 App/(17799:17799): [CONFIG] Puerto de Comanda: 5001
[DEBUG] 20:30:37:568 App/(17799:17799): [CONFIG] Puerto de escucha: 5004
[DEBUG] 20:30:37:569 App/(17799:17799): [CONFIG] Retardo de ciclo de CPU: 1
[DEBUG] 20:30:37:569 App/(17799:17799): [CONFIG] Grado de multiprocesamiento: 1
[DEBUG] 20:30:37:570 App/(17799:17799): [CONFIG] Algoritmo de planificacion: FIFO
[DEBUG] 20:30:37:570 App/(17799:17799): [CONFIG] Repartidores:
[DEBUG] 20:30:37:570 App/(17799:17799): [CONFIG] |	<0>
[DEBUG] 20:30:37:570 App/(17799:17799): [CONFIG] |	|	Pos. X: 3
[DEBUG] 20:30:37:571 App/(17799:17799): [CONFIG] |	|	Pos. Y: 5
[DEBUG] 20:30:37:571 App/(17799:17799): [CONFIG] |	|	Tiempo de descanso: 5
[DEBUG] 20:30:37:571 App/(17799:17799): [CONFIG] |	|	Frecuencia de descanso: 1
[DEBUG] 20:30:37:571 App/(17799:17799): [CONFIG] |	<1>
[DEBUG] 20:30:37:571 App/(17799:17799): [CONFIG] |	|	Pos. X: 1
[DEBUG] 20:30:37:573 App/(17799:17799): [CONFIG] |	|	Pos. Y: 1
[DEBUG] 20:30:37:574 App/(17799:17799): [CONFIG] |	|	Tiempo de descanso: 1
[DEBUG] 20:30:37:575 App/(17799:17799): [CONFIG] |	|	Frecuencia de descanso: 2
[DEBUG] 20:30:37:575 App/(17799:17799): [CONFIG] Platos del restaurant default:
[DEBUG] 20:30:37:576 App/(17799:17799): [CONFIG] |	Milanesa
[DEBUG] 20:30:37:576 App/(17799:17799): [CONFIG] |	Ensalada
[DEBUG] 20:30:37:576 App/(17799:17799): [CONFIG] Pos. X restaurant default: 0
[DEBUG] 20:30:37:577 App/(17799:17799): [CONFIG] Pos. Y restaurant default: 0
[DEBUG] 22:05:14:361 App/(19419:19419): [CONFIG] Path del log obligatorio: /home/utnso/logs/app.log
[DEBUG] 22:05:14:365 App/(19419:19419): [CONFIG] IP de Comanda: 127.0.0.1
[DEBUG] 22:05:14:365 App/(19419:19419): [CONFIG] Puerto de Comanda: 5001
[DEBUG] 22:05:14:366 App/(19419:19419): [CONFIG] Puerto de escucha: 5004
[DEBUG] 22:05:14:367 App/(19419:19419): [CONFIG] Retardo de ciclo de CPU: 1
[DEBUG] 22:05:14:368 App/(19419:19419): [CONFIG] Grado de multiprocesamiento: 1
[DEBUG] 22:05:14:368 App/(19419:19419): [CONFIG] Algoritmo de planificacion: FIFO
[DEBUG] 22:05:14:368 App/(19419:19419): [CONFIG] Repartidores:
[DEBUG] 22:05:14:369 App/(19419:19419): [CONFIG] |	<0>
[DEBUG] 22:05:14:369 App/(19419:19419): [CONFIG] |	|	Pos. X: 3
[DEBUG] 22:05:14:369 App/(19419:19419): [CONFIG] |	|	Pos. Y: 5
[DEBUG] 22:05:14:369 App/(19419:19419): [CONFIG] |	|	Tiempo de descanso: 5
[DEBUG] 22:05:14:370 App/(19419:19419): [CONFIG] |	|	Frecuencia de descanso: 1
[DEBUG] 22:05:14:370 App/(19419:19419): [CONFIG] |	<1>
[DEBUG] 22:05:14:370 App/(19419:19419): [CONFIG] |	|	Pos. X: 1
[DEBUG] 22:05:14:370 App/(19419:19419): [CONFIG] |	|	Pos. Y: 1
[DEBUG] 22:05:14:370 App/(19419:19419): [CONFIG] |	|	Tiempo de descanso: 1
[DEBUG] 22:05:14:370 App/(19419:19419): [CONFIG] |	|	Frecuencia de descanso: 2
[DEBUG] 22:05:14:370 App/(19419:19419): [CONFIG] Platos del restaurant default:
[DEBUG] 22:05:14:370 App/(19419:19419): [CONFIG] |	Milanesa
[DEBUG] 22:05:14:371 App/(19419:19419): [CONFIG] |	Ensalada
[DEBUG] 22:05:14:371 App/(19419:19419): [CONFIG] Pos. X restaurant default: 0
[DEBUG] 22:05:14:371 App/(19419:19419): [CONFIG] Pos. Y restaurant default: 0
[DEBUG] 22:06:54:701 App/(19466:19466): [CONFIG] Path del log obligatorio: /home/utnso/logs/app.log
[DEBUG] 22:06:54:711 App/(19466:19466): [CONFIG] IP de Comanda: 127.0.0.1
[DEBUG] 22:06:54:712 App/(19466:19466): [CONFIG] Puerto de Comanda: 5001
[DEBUG] 22:06:54:714 App/(19466:19466): [CONFIG] Puerto de escucha: 5004
[DEBUG] 22:06:54:717 App/(19466:19466): [CONFIG] Retardo de ciclo de CPU: 1
[DEBUG] 22:06:54:718 App/(19466:19466): [CONFIG] Grado de multiprocesamiento: 1
[DEBUG] 22:06:54:719 App/(19466:19466): [CONFIG] Algoritmo de planificacion: FIFO
[DEBUG] 22:06:54:719 App/(19466:19466): [CONFIG] Repartidores:
[DEBUG] 22:06:54:719 App/(19466:19466): [CONFIG] |	<0>
[DEBUG] 22:06:54:720 App/(19466:19466): [CONFIG] |	|	Pos. X: 3
[DEBUG] 22:06:54:720 App/(19466:19466): [CONFIG] |	|	Pos. Y: 5
[DEBUG] 22:06:54:721 App/(19466:19466): [CONFIG] |	|	Tiempo de descanso: 5
[DEBUG] 22:06:54:721 App/(19466:19466): [CONFIG] |	|	Frecuencia de descanso: 1
[DEBUG] 22:06:54:722 App/(19466:19466): [CONFIG] |	<1>
[DEBUG] 22:06:54:722 App/(19466:19466): [CONFIG] |	|	Pos. X: 1
[DEBUG] 22:06:54:723 App/(19466:19466): [CONFIG] |	|	Pos. Y: 1
[DEBUG] 22:06:54:723 App/(19466:19466): [CONFIG] |	|	Tiempo de descanso: 1
[DEBUG] 22:06:54:723 App/(19466:19466): [CONFIG] |	|	Frecuencia de descanso: 2
[DEBUG] 22:06:54:724 App/(19466:19466): [CONFIG] Platos del restaurant default:
[DEBUG] 22:06:54:724 App/(19466:19466): [CONFIG] |	Milanesa
[DEBUG] 22:06:54:724 App/(19466:19466): [CONFIG] |	Ensalada
[DEBUG] 22:06:54:724 App/(19466:19466): [CONFIG] Pos. X restaurant default: 0
[DEBUG] 22:06:54:724 App/(19466:19466): [CONFIG] Pos. Y restaurant default: 0
