[DEBUG] 17:26:01:691 restaurante/(10786:10786): [CONFIG_INI]: Config path mal pasado, se usara default.config por defecto.
[DEBUG] 17:27:13:501 restaurante/(10843:10843): [CONFIG_INI]: Config path mal pasado, se usara default.config por defecto.
[DEBUG] 22:15:20:944 restaurante/(11856:11856): [CONFIG_INI]: Config path mal pasado, se usara default.config por defecto.
[DEBUG] 22:16:22:202 restaurante/(11915:11915): [CONFIG_INI]: Config path mal pasado, se usara default.config por defecto.
[DEBUG] 22:20:01:320 restaurante/(12064:12064): [CONFIG_INI]: Config path mal pasado, se usara default.config por defecto.
[DEBUG] 22:29:57:264 restaurante/(12173:12173): [CONFIG_INI]: Config path mal pasado, se usara default.config por defecto.
[DEBUG] 22:33:06:261 restaurante/(12229:12229): [CONFIG_INI]: Config path mal pasado, se usara default.config por defecto.
[DEBUG] 22:35:02:652 restaurante/(12306:12306): [CONFIG_INI]: Config path mal pasado, se usara default.config por defecto.
[DEBUG] 22:42:57:188 restaurante/(12441:12441): [CONFIG_INI]: Config path mal pasado, se usara default.config por defecto.
[DEBUG] 22:54:14:685 restaurante/(12656:12656): [CONFIG_INI]: Config path mal pasado, se usara default.config por defecto.
[DEBUG] 23:17:45:257 restaurante/(13651:13651): [CONFIG_INI]: Config path mal pasado, se usara default.config por defecto.
[INFO] 23:17:45:266 restaurante/(13651:13651): paso el enviar mje
[DEBUG] 23:25:02:377 restaurante/(13831:13831): [CONFIG_INI]: Config path mal pasado, se usara default.config por defecto.
[INFO] 00:31:01:270 restaurante/(15453:15453): 127.0.0.1
[DEBUG] 00:36:07:390 restaurante/(15588:15588): [CONFIG_INI]: Config path mal pasado, se usara default.config por defecto.
[INFO] 00:36:07:391 restaurante/(15588:15588): 127.0.0.1
[DEBUG] 00:37:14:692 restaurante/(15706:15706): [CONFIG_INI]: Config path mal pasado, se usara default.config por defecto.
[INFO] 00:37:14:693 restaurante/(15706:15706): 127.0.0.1
[INFO] 00:37:14:693 restaurante/(15706:15706): 127.0.0.1
[DEBUG] 00:37:58:690 restaurante/(15799:15799): [CONFIG_INI]: Config path mal pasado, se usara default.config por defecto.
[INFO] 00:37:58:690 restaurante/(15799:15799): 127.0.0.1
[INFO] 00:37:58:690 restaurante/(15799:15799): 127.0.0.1
[DEBUG] 00:38:19:186 restaurante/(15855:15855): [CONFIG_INI]: Config path mal pasado, se usara default.config por defecto.
[INFO] 00:38:19:187 restaurante/(15855:15855): 127.0.0.1
[INFO] 00:38:19:187 restaurante/(15855:15855): 127.0.0.1
[INFO] 00:38:19:187 restaurante/(15855:15855): fin
[DEBUG] 00:56:24:59 restaurante/(16384:16384): [CONFIG_INI]: Config path mal pasado, se usara default.config por defecto.
[INFO] 00:56:24:64 restaurante/(16384:16384): 127.0.0.1
[INFO] 00:56:24:64 restaurante/(16384:16384): fin
[DEBUG] 01:00:53:852 restaurante/(16477:16477): [CONFIG_INI]: Config path mal pasado, se usara default.config por defecto.
[INFO] 01:00:53:853 restaurante/(16477:16477): 127.0.0.1
[INFO] 01:00:53:853 restaurante/(16477:16477): 5002
[INFO] 01:00:53:853 restaurante/(16477:16477): fin
[DEBUG] 01:01:24:460 restaurante/(16533:16533): [CONFIG_INI]: Config path mal pasado, se usara default.config por defecto.
[INFO] 01:01:24:461 restaurante/(16533:16533): 127.0.0.1
[INFO] 01:01:24:462 restaurante/(16533:16533): 5002
[INFO] 01:01:24:462 restaurante/(16533:16533): fin
[DEBUG] 01:03:03:420 restaurante/(16659:16659): [CONFIG_INI]: Config path mal pasado, se usara default.config por defecto.
[INFO] 01:03:03:421 restaurante/(16659:16659): 127.0.0.1
[INFO] 01:03:03:422 restaurante/(16659:16659): 5002
[INFO] 01:03:03:422 restaurante/(16659:16659): fin
[DEBUG] 01:06:55:845 restaurante/(16764:16764): [CONFIG_INI]: Config path mal pasado, se usara default.config por defecto.
[INFO] 01:06:55:850 restaurante/(16764:16764): 127.0.0.1
[INFO] 01:06:55:850 restaurante/(16764:16764): 5002
[INFO] 01:06:55:850 restaurante/(16764:16764): fin ip puerto
[DEBUG] 22:32:16:815 restaurante/(19994:19994): [CONFIG_INI]: Config path mal pasado, se usara default.config por defecto.
[INFO] 22:32:16:831 restaurante/(19994:19994): 127.0.0.1
[INFO] 22:32:16:832 restaurante/(19994:19994): 5002
[INFO] 22:32:16:832 restaurante/(19994:19994): fin ip puerto
[DEBUG] 22:32:16:832 restaurante/(19994:19994): el estado de conexion es: -1 

[INFO] 22:32:16:832 restaurante/(19994:19994): No se pudo establecer la conexión con Sindicato, iniciando intento de reconexión 

[DEBUG] 22:32:16:832 restaurante/(19994:19994): intento de reconexion en 10 segundos 

[INFO] 22:32:29:956 restaurante/(19994:19994): La reconexión con Sindicato fue exitosa 

[INFO] 22:32:29:964 restaurante/(19994:19994): No se pudo establecer la conexión con Sindicato, iniciando intento de reconexión 

[DEBUG] 22:32:29:964 restaurante/(19994:19994): intento de reconexion en 10 segundos 

[INFO] 22:32:41:28 restaurante/(19994:19994): La reconexión con Sindicato fue exitosa 

[INFO] 22:32:41:37 restaurante/(19994:19994): No se pudo establecer la conexión con Sindicato, iniciando intento de reconexión 

[DEBUG] 22:32:41:38 restaurante/(19994:19994): intento de reconexion en 10 segundos 

[DEBUG] 22:33:49:263 restaurante/(20072:20072): [CONFIG_INI]: Config path mal pasado, se usara default.config por defecto.
[INFO] 22:33:49:274 restaurante/(20072:20072): 127.0.0.1
[INFO] 22:33:49:274 restaurante/(20072:20072): 5002
[INFO] 22:33:49:274 restaurante/(20072:20072): fin ip puerto
[INFO] 22:33:49:275 restaurante/(20072:20072): el estado de conexion es: -1 

[INFO] 22:33:49:275 restaurante/(20072:20072): No se pudo establecer la conexión con Sindicato, iniciando intento de reconexión 

[INFO] 22:33:49:277 restaurante/(20072:20072): intento de reconexion en 10 segundos 

[INFO] 22:34:02:56 restaurante/(20072:20072): La reconexión con Sindicato fue exitosa 

[INFO] 22:34:02:60 restaurante/(20072:20072): No se pudo establecer la conexión con Sindicato, iniciando intento de reconexión 

[INFO] 22:34:02:60 restaurante/(20072:20072): intento de reconexion en 10 segundos 

[DEBUG] 22:40:51:592 restaurante/(20312:20312): [CONFIG_INI]: Config path mal pasado, se usara default.config por defecto.
[INFO] 22:40:51:598 restaurante/(20312:20312): 127.0.0.1
[INFO] 22:40:51:598 restaurante/(20312:20312): 5002
[INFO] 22:40:51:598 restaurante/(20312:20312): fin ip puerto
[INFO] 22:40:51:598 restaurante/(20312:20312): el estado de conexion es: -1 

[INFO] 22:40:51:599 restaurante/(20312:20312): intento de reconexion en 10 segundos 

[INFO] 22:41:03:737 restaurante/(20312:20312): intento de reconexion en 10 segundos 

[INFO] 22:41:14:989 restaurante/(20312:20312): intento de reconexion en 10 segundos 

[DEBUG] 23:03:03:340 restaurante/(21044:21044): [CONFIG_INI]: Config path mal pasado, se usara default.config por defecto.
[INFO] 23:03:03:341 restaurante/(21044:21044): 127.0.0.1
[INFO] 23:03:03:341 restaurante/(21044:21044): 5002
[INFO] 23:03:03:341 restaurante/(21044:21044): fin ip puerto
[INFO] 23:03:03:344 restaurante/(21044:21044): el estado de conexion es: -1 

[INFO] 23:03:03:345 restaurante/(21044:21044): conexion_sindicato 

[INFO] 23:03:03:345 restaurante/(21044:21044): intento de reconexion en 10 segundos 

[INFO] 23:03:16:977 restaurante/(21044:21044): conexion_sindicato 

[INFO] 23:03:16:978 restaurante/(21044:21044): intento de reconexion en 10 segundos 

[INFO] 23:03:28:324 restaurante/(21044:21044): conexion_sindicato 

[INFO] 23:03:28:324 restaurante/(21044:21044): intento de reconexion en 10 segundos 

[DEBUG] 23:19:51:40 restaurante/(21719:21719): [CONFIG_INI]: Config path mal pasado, se usara default.config por defecto.
[INFO] 23:19:51:45 restaurante/(21719:21719): 127.0.0.1
[INFO] 23:19:51:46 restaurante/(21719:21719): 5002
[INFO] 23:19:51:46 restaurante/(21719:21719): fin ip puerto
[INFO] 23:19:51:46 restaurante/(21719:21719): el estado de conexion es: -1 

[INFO] 23:19:51:46 restaurante/(21719:21719): conexion_sindicato 

[INFO] 23:19:51:46 restaurante/(21719:21719): intento de reconexion en 10 segundos 

[INFO] 23:20:03:759 restaurante/(21719:21719): conexion_sindicato 

[INFO] 23:20:03:760 restaurante/(21719:21719): La reconexión con Sindicato fue exitosa 

[DEBUG] 23:31:25:225 restaurante/(22108:22108): [CONFIG_INI]: Config path mal pasado, se usara default.config por defecto.
[INFO] 23:31:25:226 restaurante/(22108:22108): 127.0.0.1
[DEBUG] 00:54:16:678 restaurante/(5534:5534): [CONFIG_INI]: Config path mal pasado, se usara default.config por defecto.
[DEBUG] 01:29:56:729 restaurante/(6612:6612): [CONFIG_INI]: Config path mal pasado, se usara default.config por defecto.
[INFO] 01:29:56:729 restaurante/(6612:6612): 	Cargar configuracion 

[INFO] 01:29:56:730 restaurante/(6612:6612): cfg_puerto_sindicato: 5004 

[INFO] 01:29:56:730 restaurante/(6612:6612): cfg_ip_sindicato: 127.0.0.1 

[INFO] 01:29:56:730 restaurante/(6612:6612): cfg_puerto_escucha: 5002 

[INFO] 01:29:56:730 restaurante/(6612:6612): cfg_puerto_app: 5004 

[INFO] 01:29:56:730 restaurante/(6612:6612): cfg_ip_app: 127.0.0.1 

[INFO] 01:29:56:730 restaurante/(6612:6612): cfg_nombre_restaurante: UGIS 

[INFO] 01:29:56:730 restaurante/(6612:6612): cfg_algoritmo_planificacion: FIFO 

