[INFO] 18:57:05:32 cliente/(5391:5395): Se envio el mensaje CONSULTAR_PLATOS 2
[INFO] 18:57:05:33 cliente/(5391:5395): Se recibio el mensaje RTA_CONSULTAR_PLATOS Milanesa
[INFO] 18:59:25:278 cliente/(5475:5482): Se envio el mensaje CONSULTAR_PLATOS 2
[INFO] 18:59:25:280 cliente/(5475:5482): Se recibio el mensaje RTA_CONSULTAR_PLATOS Milanesa
[INFO] 18:59:44:183 cliente/(5475:5503): Se envio el mensaje CONSULTAR_PLATOS 2
[INFO] 18:59:44:246 cliente/(5475:5503): Se recibio el mensaje RTA_CONSULTAR_PLATOS Milanesa
[INFO] 19:02:10:63 cliente/(5475:5606): Se envio el mensaje CONSULTAR_PLATOS 2
[INFO] 19:02:10:101 cliente/(5475:5606): Se recibio el mensaje RTA_CONSULTAR_PLATOS Milanesa
[INFO] 19:04:02:453 cliente/(5475:5706): Se envio el mensaje CONSULTAR_PLATOS 2
[INFO] 19:04:02:470 cliente/(5475:5706): Se recibio el mensaje RTA_CONSULTAR_PLATOS Milanesa
[INFO] 19:08:23:632 cliente/(5475:5823): Se envio el mensaje CONSULTAR_PLATOS 2
[INFO] 19:08:23:672 cliente/(5475:5823): Se recibio el mensaje RTA_CONSULTAR_PLATOS Milanesa
[INFO] 19:09:41:135 cliente/(5892:5897): Se envio el mensaje CONSULTAR_PLATOS 2
[INFO] 19:09:41:166 cliente/(5892:5897): Se recibio el mensaje RTA_CONSULTAR_PLATOS Milanesa
[INFO] 19:10:08:320 cliente/(5892:5982): Se envio el mensaje CONSULTAR_PLATOS 2
[INFO] 19:10:08:349 cliente/(5892:5982): Se recibio el mensaje RTA_CONSULTAR_PLATOS Milanesa
[INFO] 19:13:12:832 cliente/(5892:6047): Se envio el mensaje CONSULTAR_PLATOS 2
[INFO] 19:13:12:894 cliente/(5892:6047): Se recibio el mensaje RTA_CONSULTAR_PLATOS Milanesa
[INFO] 19:15:54:306 cliente/(5892:6088): Se envio el mensaje CONSULTAR_PLATOS 2
[INFO] 19:15:54:328 cliente/(5892:6088): Se recibio el mensaje RTA_CONSULTAR_PLATOS Milanesa
[INFO] 19:22:21:672 cliente/(5892:6157): Se envio el mensaje CONSULTAR_PLATOS 2
[INFO] 19:22:21:692 cliente/(5892:6157): Se recibio el mensaje RTA_CONSULTAR_PLATOS Milanesa
[INFO] 19:28:46:97 cliente/(5892:6259): Se envio el mensaje CONSULTAR_PLATOS 2
[INFO] 19:28:46:162 cliente/(5892:6259): Se recibio el mensaje RTA_CONSULTAR_PLATOS Milanesa
[INFO] 19:33:22:484 cliente/(5892:6412): Se envio el mensaje CONSULTAR_PLATOS 2
[INFO] 19:33:22:506 cliente/(5892:6412): Se recibio el mensaje RTA_CONSULTAR_PLATOS Milanesa
[INFO] 19:33:56:91 cliente/(5892:6478): Se envio el mensaje CONSULTAR_PLATOS 2
[INFO] 19:33:56:107 cliente/(5892:6478): Se recibio el mensaje RTA_CONSULTAR_PLATOS Milanesa
[INFO] 19:34:43:473 cliente/(5892:6503): Se envio el mensaje CONSULTAR_PLATOS 2
[INFO] 19:34:43:491 cliente/(5892:6503): Se recibio el mensaje RTA_CONSULTAR_PLATOS Milanesa
[INFO] 19:40:27:626 cliente/(5892:6658): Se envio el mensaje CONSULTAR_PLATOS 2
[INFO] 19:40:27:641 cliente/(5892:6658): Se recibio el mensaje RTA_CONSULTAR_PLATOS Milanesa
[INFO] 19:41:21:965 cliente/(5892:6732): Se envio el mensaje CONSULTAR_PLATOS 2
[INFO] 19:41:21:980 cliente/(5892:6732): Se recibio el mensaje RTA_CONSULTAR_PLATOS Milanesa
[INFO] 19:42:07:74 cliente/(5892:6797): Se envio el mensaje CONSULTAR_PLATOS 2
[INFO] 19:42:07:91 cliente/(5892:6797): Se recibio el mensaje RTA_CONSULTAR_PLATOS Milanesa
[INFO] 19:42:37:265 cliente/(5892:6859): Se envio el mensaje CONSULTAR_PLATOS 2
[INFO] 19:42:37:285 cliente/(5892:6859): Se recibio el mensaje RTA_CONSULTAR_PLATOS Milanesa
[INFO] 19:45:38:773 cliente/(5892:6982): Se envio el mensaje CONSULTAR_PLATOS 2
[INFO] 19:45:38:788 cliente/(5892:6982): Se recibio el mensaje RTA_CONSULTAR_PLATOS Milanesa
[INFO] 19:47:13:95 cliente/(5892:7061): Se envio el mensaje CONSULTAR_PLATOS 2
[INFO] 19:47:13:110 cliente/(5892:7061): Se recibio el mensaje RTA_CONSULTAR_PLATOS Milanesa
[INFO] 21:11:22:617 cliente/(5892:7693): Se envio el mensaje CONSULTAR_PLATOS 2
[INFO] 21:11:22:630 cliente/(5892:7693): Se recibio el mensaje RTA_CONSULTAR_PLATOS Milanesa
[INFO] 21:11:52:619 cliente/(5892:7715): Se envio el mensaje CONSULTAR_PLATOS 12
[INFO] 21:11:52:633 cliente/(5892:7715): Se recibio el mensaje RTA_CONSULTAR_PLATOS Milanesa
[INFO] 21:12:03:455 cliente/(5892:7724): Se envio el mensaje CREAR_PEDIDO
[INFO] 21:12:03:468 cliente/(5892:7724): Se recibio el mensaje RTA_CREAR_PEDIDO 1
[INFO] 21:12:30:132 cliente/(5892:7745): Se envio el mensaje CONSULTAR_PLATOS 2
[INFO] 21:12:30:146 cliente/(5892:7745): Se recibio el mensaje RTA_CONSULTAR_PLATOS Milanesa
[INFO] 21:12:33:275 cliente/(5892:7750): Se envio el mensaje CREAR_PEDIDO
[INFO] 21:12:33:287 cliente/(5892:7750): Se recibio el mensaje RTA_CREAR_PEDIDO 1
[INFO] 21:12:44:455 cliente/(5892:7761): Se envio el mensaje AGREGAR_PLATO ugis 1
[INFO] 21:12:44:469 cliente/(5892:7761): Se recibio el mensaje RTA_AGREGAR_PLATO OK
[INFO] 21:13:04:807 cliente/(5892:7783): Se envio el mensaje AGREGAR_PLATO ugis 1
[INFO] 21:13:04:815 cliente/(5892:7783): Se recibio el mensaje RTA_AGREGAR_PLATO FAIL
[INFO] 21:13:09:28 cliente/(5892:7787): Se envio el mensaje CREAR_PEDIDO
[INFO] 21:13:09:42 cliente/(5892:7787): Se recibio el mensaje RTA_CREAR_PEDIDO 1
[INFO] 21:13:10:953 cliente/(5892:7791): Se envio el mensaje AGREGAR_PLATO ugis 1
[INFO] 21:13:10:961 cliente/(5892:7791): Se recibio el mensaje RTA_AGREGAR_PLATO OK
[INFO] 21:17:10:280 cliente/(5892:7932): Se envio el mensaje CONSULTAR_PLATOS 2
[INFO] 21:17:10:293 cliente/(5892:7932): Se recibio el mensaje RTA_CONSULTAR_PLATOS Milanesa
[INFO] 21:17:14:911 cliente/(5892:7936): Se envio el mensaje CREAR_PEDIDO
[INFO] 21:17:14:926 cliente/(5892:7936): Se recibio el mensaje RTA_CREAR_PEDIDO 1
[INFO] 21:17:17:4 cliente/(5892:7940): Se envio el mensaje AGREGAR_PLATO ugis 1
[INFO] 21:17:17:18 cliente/(5892:7940): Se recibio el mensaje RTA_AGREGAR_PLATO OK
[INFO] 21:20:10:399 cliente/(5892:8001): Se envio el mensaje CONSULTAR_PLATOS 2
[INFO] 21:20:10:421 cliente/(5892:8001): Se recibio el mensaje RTA_CONSULTAR_PLATOS Milanesa
[INFO] 21:20:12:641 cliente/(5892:8006): Se envio el mensaje CONSULTAR_PLATOS 2
[INFO] 21:20:12:645 cliente/(5892:8006): Se recibio el mensaje RTA_CONSULTAR_PLATOS Milanesa
[INFO] 21:20:15:717 cliente/(5892:8010): Se envio el mensaje CREAR_PEDIDO
[INFO] 21:20:15:731 cliente/(5892:8010): Se recibio el mensaje RTA_CREAR_PEDIDO 1
[INFO] 21:20:18:19 cliente/(5892:8014): Se envio el mensaje CREAR_PEDIDO
[INFO] 21:20:18:23 cliente/(5892:8014): Se recibio el mensaje RTA_CREAR_PEDIDO 2
[INFO] 21:20:21:593 cliente/(5892:8019): Se envio el mensaje CONSULTAR_PLATOS 2
[INFO] 21:20:21:596 cliente/(5892:8019): Se recibio el mensaje RTA_CONSULTAR_PLATOS Milanesa
[INFO] 21:20:25:709 cliente/(5892:8024): Se envio el mensaje AGREGAR_PLATO ugis 1
[INFO] 21:20:25:721 cliente/(5892:8024): Se recibio el mensaje RTA_AGREGAR_PLATO OK
[INFO] 21:20:27:681 cliente/(5892:8027): Se envio el mensaje AGREGAR_PLATO ugis 1
[INFO] 21:20:27:687 cliente/(5892:8027): Se recibio el mensaje RTA_AGREGAR_PLATO OK
[INFO] 21:20:30:766 cliente/(5892:8031): Se envio el mensaje AGREGAR_PLATO ugis 2
[INFO] 21:20:30:771 cliente/(5892:8031): Se recibio el mensaje RTA_AGREGAR_PLATO OK
[INFO] 21:20:33:284 cliente/(5892:8034): Se envio el mensaje AGREGAR_PLATO ugis 2
[INFO] 21:20:33:288 cliente/(5892:8034): Se recibio el mensaje RTA_AGREGAR_PLATO OK
[INFO] 21:20:59:648 cliente/(5892:8055): Se envio el mensaje CONSULTAR_PLATOS 2
[INFO] 21:20:59:661 cliente/(5892:8055): Se recibio el mensaje RTA_CONSULTAR_PLATOS Milanesa
[INFO] 21:21:01:123 cliente/(5892:8059): Se envio el mensaje CONSULTAR_PLATOS 2
[INFO] 21:21:01:126 cliente/(5892:8059): Se recibio el mensaje RTA_CONSULTAR_PLATOS Milanesa
[INFO] 21:21:04:175 cliente/(5892:8063): Se envio el mensaje CREAR_PEDIDO
[INFO] 21:21:04:185 cliente/(5892:8063): Se recibio el mensaje RTA_CREAR_PEDIDO 1
[INFO] 21:21:05:570 cliente/(5892:8067): Se envio el mensaje CREAR_PEDIDO
[INFO] 21:21:05:573 cliente/(5892:8067): Se recibio el mensaje RTA_CREAR_PEDIDO 2
[INFO] 21:21:11:749 cliente/(5892:8072): Se envio el mensaje AGREGAR_PLATO ugis 1
[INFO] 21:21:11:764 cliente/(5892:8072): Se recibio el mensaje RTA_AGREGAR_PLATO OK
[INFO] 21:21:12:564 cliente/(5892:8076): Se envio el mensaje AGREGAR_PLATO ugis 1
[INFO] 21:21:12:568 cliente/(5892:8076): Se recibio el mensaje RTA_AGREGAR_PLATO OK
[INFO] 21:21:15:779 cliente/(5892:8079): Se envio el mensaje CONSULTAR_PLATOS 2
[INFO] 21:21:15:782 cliente/(5892:8079): Se recibio el mensaje RTA_CONSULTAR_PLATOS Milanesa
[INFO] 21:21:16:516 cliente/(5892:8082): Se envio el mensaje CONSULTAR_PLATOS 2
[INFO] 21:21:16:521 cliente/(5892:8082): Se recibio el mensaje RTA_CONSULTAR_PLATOS Milanesa
[INFO] 21:25:47:257 cliente/(5892:8272): Se envio el mensaje CONSULTAR_PLATOS 2
[INFO] 21:25:47:272 cliente/(5892:8272): Se recibio el mensaje RTA_CONSULTAR_PLATOS Milanesa
[INFO] 21:25:48:419 cliente/(5892:8276): Se envio el mensaje CONSULTAR_PLATOS 2
[INFO] 21:25:48:422 cliente/(5892:8276): Se recibio el mensaje RTA_CONSULTAR_PLATOS Milanesa
[INFO] 21:25:51:270 cliente/(5892:8279): Se envio el mensaje CREAR_PEDIDO
[INFO] 21:25:51:281 cliente/(5892:8279): Se recibio el mensaje RTA_CREAR_PEDIDO 1
[INFO] 21:25:52:93 cliente/(5892:8282): Se envio el mensaje CREAR_PEDIDO
[INFO] 21:25:52:96 cliente/(5892:8282): Se recibio el mensaje RTA_CREAR_PEDIDO 2
[INFO] 21:25:53:357 cliente/(5892:8286): Se envio el mensaje CONSULTAR_PLATOS 2
[INFO] 21:25:53:360 cliente/(5892:8286): Se recibio el mensaje RTA_CONSULTAR_PLATOS Milanesa
[INFO] 21:25:57:345 cliente/(5892:8292): Se envio el mensaje AGREGAR_PLATO ugis 1
[INFO] 21:25:57:358 cliente/(5892:8292): Se recibio el mensaje RTA_AGREGAR_PLATO OK
[INFO] 21:25:58:264 cliente/(5892:8295): Se envio el mensaje AGREGAR_PLATO ugis 1
[INFO] 21:25:58:268 cliente/(5892:8295): Se recibio el mensaje RTA_AGREGAR_PLATO OK
[INFO] 21:25:59:961 cliente/(5892:8298): Se envio el mensaje CONSULTAR_PLATOS 2
[INFO] 21:25:59:965 cliente/(5892:8298): Se recibio el mensaje RTA_CONSULTAR_PLATOS Milanesa
[INFO] 21:26:07:885 cliente/(5892:8302): Se envio el mensaje AGREGAR_PLATO ugis 12
[INFO] 21:26:07:889 cliente/(5892:8302): Se recibio el mensaje RTA_AGREGAR_PLATO FAIL
[INFO] 21:26:51:234 cliente/(5892:8322): Se envio el mensaje CREAR_PEDIDO
[INFO] 21:26:51:250 cliente/(5892:8322): Se recibio el mensaje RTA_CREAR_PEDIDO 1
[INFO] 21:26:52:510 cliente/(5892:8328): Se envio el mensaje CREAR_PEDIDO
[INFO] 21:26:52:513 cliente/(5892:8328): Se recibio el mensaje RTA_CREAR_PEDIDO 2
[INFO] 21:26:53:672 cliente/(5892:8331): Se envio el mensaje CREAR_PEDIDO
[INFO] 21:26:53:675 cliente/(5892:8331): Se recibio el mensaje RTA_CREAR_PEDIDO 3
[INFO] 21:27:12:598 cliente/(5892:8339): Se envio el mensaje AGREGAR_PLATO ugis 2
[INFO] 21:27:12:613 cliente/(5892:8339): Se recibio el mensaje RTA_AGREGAR_PLATO OK
[INFO] 21:27:14:489 cliente/(5892:8345): Se envio el mensaje AGREGAR_PLATO ugis 2
[INFO] 21:27:14:494 cliente/(5892:8345): Se recibio el mensaje RTA_AGREGAR_PLATO OK
[INFO] 21:27:17:852 cliente/(5892:8351): Se envio el mensaje AGREGAR_PLATO ugis 3
[INFO] 21:27:17:859 cliente/(5892:8351): Se recibio el mensaje RTA_AGREGAR_PLATO OK
[INFO] 21:27:19:376 cliente/(5892:8354): Se envio el mensaje AGREGAR_PLATO ugis 3
[INFO] 21:27:19:380 cliente/(5892:8354): Se recibio el mensaje RTA_AGREGAR_PLATO OK
[INFO] 21:27:20:927 cliente/(5892:8357): Se envio el mensaje AGREGAR_PLATO ugis 1
[INFO] 21:27:20:931 cliente/(5892:8357): Se recibio el mensaje RTA_AGREGAR_PLATO OK
[INFO] 21:27:31:856 cliente/(5892:8363): Se envio el mensaje CONFIRMAR_PEDIDO ugis 1
[INFO] 21:28:19:245 cliente/(5892:8384): Se envio el mensaje CREAR_PEDIDO
[INFO] 21:28:19:264 cliente/(5892:8384): Se recibio el mensaje RTA_CREAR_PEDIDO 1
[INFO] 21:28:20:253 cliente/(5892:8388): Se envio el mensaje CREAR_PEDIDO
[INFO] 21:28:20:257 cliente/(5892:8388): Se recibio el mensaje RTA_CREAR_PEDIDO 2
[INFO] 21:28:20:780 cliente/(5892:8391): Se envio el mensaje CREAR_PEDIDO
[INFO] 21:28:20:783 cliente/(5892:8391): Se recibio el mensaje RTA_CREAR_PEDIDO 3
[INFO] 21:28:33:681 cliente/(5892:8401): Se envio el mensaje AGREGAR_PLATO ugis 1
[INFO] 21:28:33:695 cliente/(5892:8401): Se recibio el mensaje RTA_AGREGAR_PLATO OK
[INFO] 21:28:34:913 cliente/(5892:8405): Se envio el mensaje AGREGAR_PLATO ugis 1
[INFO] 21:28:34:918 cliente/(5892:8405): Se recibio el mensaje RTA_AGREGAR_PLATO OK
[INFO] 21:28:37:438 cliente/(5892:8408): Se envio el mensaje AGREGAR_PLATO ugis 2
[INFO] 21:28:37:441 cliente/(5892:8408): Se recibio el mensaje RTA_AGREGAR_PLATO OK
[INFO] 21:28:44:753 cliente/(5892:8415): Se envio el mensaje CONFIRMAR_PEDIDO ugis 1
[INFO] 21:39:52:30 cliente/(5892:8614): Se envio el mensaje CREAR_PEDIDO
[INFO] 21:39:52:75 cliente/(5892:8614): Se recibio el mensaje RTA_CREAR_PEDIDO 1
[INFO] 21:39:52:685 cliente/(5892:8618): Se envio el mensaje CREAR_PEDIDO
[INFO] 21:39:52:688 cliente/(5892:8618): Se recibio el mensaje RTA_CREAR_PEDIDO 2
[INFO] 21:39:56:287 cliente/(5892:8624): Se envio el mensaje AGREGAR_PLATO ugis 2
[INFO] 21:39:56:303 cliente/(5892:8624): Se recibio el mensaje RTA_AGREGAR_PLATO OK
[INFO] 21:39:59:385 cliente/(5892:8629): Se envio el mensaje AGREGAR_PLATO ugis 1
[INFO] 21:39:59:391 cliente/(5892:8629): Se recibio el mensaje RTA_AGREGAR_PLATO OK
[INFO] 21:40:02:829 cliente/(5892:8634): Se envio el mensaje CONFIRMAR_PEDIDO ugis 1
[INFO] 21:40:02:839 cliente/(5892:8634): Se recibio el mensaje RTA_CONFIRMAR_PEDIDO FAIL
[INFO] 21:40:09:838 cliente/(5892:8639): Se envio el mensaje CONFIRMAR_PEDIDO ugis 2
[INFO] 21:40:09:844 cliente/(5892:8639): Se recibio el mensaje RTA_CONFIRMAR_PEDIDO FAIL
[INFO] 21:40:16:769 cliente/(5892:8646): Se envio el mensaje CONFIRMAR_PEDIDO ugis 2
[INFO] 21:40:16:782 cliente/(5892:8646): Se recibio el mensaje RTA_CONFIRMAR_PEDIDO FAIL
[INFO] 21:40:20:565 cliente/(5892:8652): Se envio el mensaje CONFIRMAR_PEDIDO ugis 1
[INFO] 21:40:20:571 cliente/(5892:8652): Se recibio el mensaje RTA_CONFIRMAR_PEDIDO FAIL
[INFO] 21:41:37:394 cliente/(5892:8685): Se envio el mensaje CREAR_PEDIDO
[INFO] 21:41:37:408 cliente/(5892:8685): Se recibio el mensaje RTA_CREAR_PEDIDO 1
[INFO] 21:41:40:21 cliente/(5892:8689): Se envio el mensaje CREAR_PEDIDO
[INFO] 21:41:40:24 cliente/(5892:8689): Se recibio el mensaje RTA_CREAR_PEDIDO 2
[INFO] 21:41:43:534 cliente/(5892:8694): Se envio el mensaje AGREGAR_PLATO ugis 2
[INFO] 21:41:43:549 cliente/(5892:8694): Se recibio el mensaje RTA_AGREGAR_PLATO OK
[INFO] 21:41:46:510 cliente/(5892:8697): Se envio el mensaje AGREGAR_PLATO ugis 1
[INFO] 21:41:46:513 cliente/(5892:8697): Se recibio el mensaje RTA_AGREGAR_PLATO OK
[INFO] 21:41:49:133 cliente/(5892:8702): Se envio el mensaje CONFIRMAR_PEDIDO ugis 2
[INFO] 21:41:49:140 cliente/(5892:8702): Se recibio el mensaje RTA_CONFIRMAR_PEDIDO FAIL
[INFO] 21:41:50:417 cliente/(5892:8706): Se envio el mensaje CONFIRMAR_PEDIDO ugis 1
[INFO] 21:41:50:420 cliente/(5892:8706): Se recibio el mensaje RTA_CONFIRMAR_PEDIDO FAIL
[INFO] 21:43:11:786 cliente/(5892:8775): Se envio el mensaje CREAR_PEDIDO
[INFO] 21:43:11:800 cliente/(5892:8775): Se recibio el mensaje RTA_CREAR_PEDIDO 1
[INFO] 21:43:12:445 cliente/(5892:8778): Se envio el mensaje CREAR_PEDIDO
[INFO] 21:43:12:449 cliente/(5892:8778): Se recibio el mensaje RTA_CREAR_PEDIDO 2
[INFO] 21:43:12:964 cliente/(5892:8781): Se envio el mensaje CREAR_PEDIDO
[INFO] 21:43:12:968 cliente/(5892:8781): Se recibio el mensaje RTA_CREAR_PEDIDO 3
[INFO] 21:43:16:888 cliente/(5892:8785): Se envio el mensaje AGREGAR_PLATO ugis 1
[INFO] 21:43:16:902 cliente/(5892:8785): Se recibio el mensaje RTA_AGREGAR_PLATO OK
[INFO] 21:43:17:689 cliente/(5892:8788): Se envio el mensaje AGREGAR_PLATO ugis 1
[INFO] 21:43:17:693 cliente/(5892:8788): Se recibio el mensaje RTA_AGREGAR_PLATO OK
[INFO] 21:43:19:26 cliente/(5892:8791): Se envio el mensaje AGREGAR_PLATO ugis 2
[INFO] 21:43:19:31 cliente/(5892:8791): Se recibio el mensaje RTA_AGREGAR_PLATO OK
[INFO] 21:43:20:359 cliente/(5892:8794): Se envio el mensaje AGREGAR_PLATO ugis 2
[INFO] 21:43:20:362 cliente/(5892:8794): Se recibio el mensaje RTA_AGREGAR_PLATO OK
[INFO] 21:43:21:830 cliente/(5892:8798): Se envio el mensaje AGREGAR_PLATO ugis 3
[INFO] 21:43:21:835 cliente/(5892:8798): Se recibio el mensaje RTA_AGREGAR_PLATO OK
[INFO] 21:43:23:839 cliente/(5892:8806): Se envio el mensaje AGREGAR_PLATO ugis 3
[INFO] 21:43:23:843 cliente/(5892:8806): Se recibio el mensaje RTA_AGREGAR_PLATO OK
[INFO] 21:43:31:293 cliente/(5892:8810): Se envio el mensaje CONFIRMAR_PEDIDO ugis 1
[INFO] 21:43:31:300 cliente/(5892:8810): Se recibio el mensaje RTA_CONFIRMAR_PEDIDO FAIL
[INFO] 21:45:46:639 cliente/(5892:8895): Se envio el mensaje CREAR_PEDIDO
[INFO] 21:45:46:653 cliente/(5892:8895): Se recibio el mensaje RTA_CREAR_PEDIDO 1
[INFO] 21:45:47:804 cliente/(5892:8899): Se envio el mensaje CREAR_PEDIDO
[INFO] 21:45:47:810 cliente/(5892:8899): Se recibio el mensaje RTA_CREAR_PEDIDO 2
[INFO] 21:45:48:411 cliente/(5892:8902): Se envio el mensaje CREAR_PEDIDO
[INFO] 21:45:48:414 cliente/(5892:8902): Se recibio el mensaje RTA_CREAR_PEDIDO 3
[INFO] 21:45:51:600 cliente/(5892:8906): Se envio el mensaje AGREGAR_PLATO ugis 1
[INFO] 21:45:51:616 cliente/(5892:8906): Se recibio el mensaje RTA_AGREGAR_PLATO OK
[INFO] 21:45:52:600 cliente/(5892:8910): Se envio el mensaje AGREGAR_PLATO ugis 1
[INFO] 21:45:52:603 cliente/(5892:8910): Se recibio el mensaje RTA_AGREGAR_PLATO OK
[INFO] 21:45:54:157 cliente/(5892:8913): Se envio el mensaje AGREGAR_PLATO ugis 2
[INFO] 21:45:54:161 cliente/(5892:8913): Se recibio el mensaje RTA_AGREGAR_PLATO OK
[INFO] 21:45:55:447 cliente/(5892:8918): Se envio el mensaje AGREGAR_PLATO ugis 2
[INFO] 21:45:55:451 cliente/(5892:8918): Se recibio el mensaje RTA_AGREGAR_PLATO OK
[INFO] 21:45:57:42 cliente/(5892:8924): Se envio el mensaje AGREGAR_PLATO ugis 3
[INFO] 21:45:57:47 cliente/(5892:8924): Se recibio el mensaje RTA_AGREGAR_PLATO OK
[INFO] 21:45:58:204 cliente/(5892:8927): Se envio el mensaje AGREGAR_PLATO ugis 3
[INFO] 21:45:58:209 cliente/(5892:8927): Se recibio el mensaje RTA_AGREGAR_PLATO OK
[INFO] 21:46:03:93 cliente/(5892:8932): Se envio el mensaje CONFIRMAR_PEDIDO ugis 1
[INFO] 21:46:03:100 cliente/(5892:8932): Se recibio el mensaje RTA_CONFIRMAR_PEDIDO FAIL
[INFO] 21:46:06:114 cliente/(5892:8935): Se envio el mensaje CONFIRMAR_PEDIDO ugis 2
[INFO] 21:46:06:118 cliente/(5892:8935): Se recibio el mensaje RTA_CONFIRMAR_PEDIDO FAIL
[INFO] 21:46:08:498 cliente/(5892:8940): Se envio el mensaje CONFIRMAR_PEDIDO ugis 3
[INFO] 21:46:08:503 cliente/(5892:8940): Se recibio el mensaje RTA_CONFIRMAR_PEDIDO FAIL
[INFO] 21:48:05:580 cliente/(5892:8997): Se envio el mensaje CREAR_PEDIDO
[INFO] 21:48:05:593 cliente/(5892:8997): Se recibio el mensaje RTA_CREAR_PEDIDO 1
[INFO] 21:48:06:126 cliente/(5892:9001): Se envio el mensaje CREAR_PEDIDO
[INFO] 21:48:06:130 cliente/(5892:9001): Se recibio el mensaje RTA_CREAR_PEDIDO 2
[INFO] 21:48:06:733 cliente/(5892:9005): Se envio el mensaje CREAR_PEDIDO
[INFO] 21:48:06:735 cliente/(5892:9005): Se recibio el mensaje RTA_CREAR_PEDIDO 3
[INFO] 21:48:09:4 cliente/(5892:9008): Se envio el mensaje AGREGAR_PLATO ugis 1
[INFO] 21:48:10:20 cliente/(5892:9008): Se recibio el mensaje RTA_AGREGAR_PLATO OK
[INFO] 21:48:11:26 cliente/(5892:9012): Se envio el mensaje AGREGAR_PLATO ugis 1
[INFO] 21:48:11:29 cliente/(5892:9012): Se recibio el mensaje RTA_AGREGAR_PLATO OK
[INFO] 21:48:12:72 cliente/(5892:9016): Se envio el mensaje AGREGAR_PLATO ugis 1
[INFO] 21:48:12:76 cliente/(5892:9016): Se recibio el mensaje RTA_AGREGAR_PLATO OK
[INFO] 21:48:14:164 cliente/(5892:9019): Se envio el mensaje AGREGAR_PLATO ugis 2
[INFO] 21:48:14:169 cliente/(5892:9019): Se recibio el mensaje RTA_AGREGAR_PLATO OK
[INFO] 21:48:15:829 cliente/(5892:9023): Se envio el mensaje AGREGAR_PLATO ugis 2
[INFO] 21:48:15:833 cliente/(5892:9023): Se recibio el mensaje RTA_AGREGAR_PLATO OK
[INFO] 21:48:16:445 cliente/(5892:9027): Se envio el mensaje AGREGAR_PLATO ugis 2
[INFO] 21:48:16:449 cliente/(5892:9027): Se recibio el mensaje RTA_AGREGAR_PLATO OK
[INFO] 21:48:19:120 cliente/(5892:9030): Se envio el mensaje AGREGAR_PLATO ugis 3
[INFO] 21:48:19:123 cliente/(5892:9030): Se recibio el mensaje RTA_AGREGAR_PLATO OK
[INFO] 21:48:19:978 cliente/(5892:9033): Se envio el mensaje AGREGAR_PLATO ugis 3
[INFO] 21:48:19:983 cliente/(5892:9033): Se recibio el mensaje RTA_AGREGAR_PLATO OK
[INFO] 21:48:20:908 cliente/(5892:9037): Se envio el mensaje AGREGAR_PLATO ugis 3
[INFO] 21:48:20:912 cliente/(5892:9037): Se recibio el mensaje RTA_AGREGAR_PLATO OK
[INFO] 21:48:26:628 cliente/(5892:9047): Se envio el mensaje CONFIRMAR_PEDIDO ugis 1
[INFO] 21:48:26:637 cliente/(5892:9047): Se recibio el mensaje RTA_CONFIRMAR_PEDIDO FAIL
[INFO] 21:48:27:727 cliente/(5892:9051): Se envio el mensaje CONFIRMAR_PEDIDO ugis 1
[INFO] 21:48:27:731 cliente/(5892:9051): Se recibio el mensaje RTA_CONFIRMAR_PEDIDO FAIL
[INFO] 21:48:29:928 cliente/(5892:9054): Se envio el mensaje CONFIRMAR_PEDIDO ugis 2
[INFO] 21:48:29:932 cliente/(5892:9054): Se recibio el mensaje RTA_CONFIRMAR_PEDIDO FAIL
[INFO] 21:48:31:805 cliente/(5892:9059): Se envio el mensaje CONFIRMAR_PEDIDO ugis 3
[INFO] 21:48:31:810 cliente/(5892:9059): Se recibio el mensaje RTA_CONFIRMAR_PEDIDO FAIL
[INFO] 21:49:41:834 cliente/(5892:9122): Se envio el mensaje CREAR_PEDIDO
[INFO] 21:49:41:848 cliente/(5892:9122): Se recibio el mensaje RTA_CREAR_PEDIDO 1
[INFO] 21:49:42:499 cliente/(5892:9125): Se envio el mensaje CREAR_PEDIDO
[INFO] 21:49:42:502 cliente/(5892:9125): Se recibio el mensaje RTA_CREAR_PEDIDO 2
[INFO] 21:49:43:12 cliente/(5892:9128): Se envio el mensaje CREAR_PEDIDO
[INFO] 21:49:43:15 cliente/(5892:9128): Se recibio el mensaje RTA_CREAR_PEDIDO 3
[INFO] 21:49:46:317 cliente/(5892:9131): Se envio el mensaje AGREGAR_PLATO ugis 1
[INFO] 21:49:46:331 cliente/(5892:9131): Se recibio el mensaje RTA_AGREGAR_PLATO OK
[INFO] 21:49:47:319 cliente/(5892:9135): Se envio el mensaje AGREGAR_PLATO ugis 1
[INFO] 21:49:47:323 cliente/(5892:9135): Se recibio el mensaje RTA_AGREGAR_PLATO OK
[INFO] 21:49:48:37 cliente/(5892:9138): Se envio el mensaje AGREGAR_PLATO ugis 1
[INFO] 21:49:48:43 cliente/(5892:9138): Se recibio el mensaje RTA_AGREGAR_PLATO OK
[INFO] 21:49:49:475 cliente/(5892:9141): Se envio el mensaje AGREGAR_PLATO ugis 2
[INFO] 21:49:49:478 cliente/(5892:9141): Se recibio el mensaje RTA_AGREGAR_PLATO OK
[INFO] 21:49:50:248 cliente/(5892:9144): Se envio el mensaje AGREGAR_PLATO ugis 2
[INFO] 21:49:50:253 cliente/(5892:9144): Se recibio el mensaje RTA_AGREGAR_PLATO OK
[INFO] 21:49:51:378 cliente/(5892:9147): Se envio el mensaje AGREGAR_PLATO ugis 2
[INFO] 21:49:51:381 cliente/(5892:9147): Se recibio el mensaje RTA_AGREGAR_PLATO OK
[INFO] 21:49:53:572 cliente/(5892:9151): Se envio el mensaje AGREGAR_PLATO ugis 3
[INFO] 21:49:53:577 cliente/(5892:9151): Se recibio el mensaje RTA_AGREGAR_PLATO OK
[INFO] 21:49:54:799 cliente/(5892:9154): Se envio el mensaje AGREGAR_PLATO ugis 3
[INFO] 21:49:54:804 cliente/(5892:9154): Se recibio el mensaje RTA_AGREGAR_PLATO OK
[INFO] 21:49:55:719 cliente/(5892:9159): Se envio el mensaje AGREGAR_PLATO ugis 3
[INFO] 21:49:55:723 cliente/(5892:9159): Se recibio el mensaje RTA_AGREGAR_PLATO OK
[INFO] 21:50:01:596 cliente/(5892:9163): Se envio el mensaje CONFIRMAR_PEDIDO ugis 1
[INFO] 21:50:01:603 cliente/(5892:9163): Se recibio el mensaje RTA_CONFIRMAR_PEDIDO FAIL
[INFO] 21:50:03:490 cliente/(5892:9167): Se envio el mensaje CONFIRMAR_PEDIDO ugis 2
[INFO] 21:50:03:496 cliente/(5892:9167): Se recibio el mensaje RTA_CONFIRMAR_PEDIDO FAIL
[INFO] 21:50:05:831 cliente/(5892:9170): Se envio el mensaje CONFIRMAR_PEDIDO ugis 3
[INFO] 21:50:05:836 cliente/(5892:9170): Se recibio el mensaje RTA_CONFIRMAR_PEDIDO FAIL
[INFO] 22:10:33:965 cliente/(5892:9512): Se envio el mensaje CREAR_PEDIDO
[INFO] 22:10:33:978 cliente/(5892:9512): Se recibio el mensaje RTA_CREAR_PEDIDO 1
[INFO] 22:10:34:649 cliente/(5892:9517): Se envio el mensaje CREAR_PEDIDO
[INFO] 22:10:34:652 cliente/(5892:9517): Se recibio el mensaje RTA_CREAR_PEDIDO 2
[INFO] 22:10:35:328 cliente/(5892:9520): Se envio el mensaje CREAR_PEDIDO
[INFO] 22:10:35:331 cliente/(5892:9520): Se recibio el mensaje RTA_CREAR_PEDIDO 3
[INFO] 22:10:37:931 cliente/(5892:9523): Se envio el mensaje AGREGAR_PLATO ugis 3
[INFO] 22:10:37:945 cliente/(5892:9523): Se recibio el mensaje RTA_AGREGAR_PLATO OK
[INFO] 22:10:39:905 cliente/(5892:9528): Se envio el mensaje AGREGAR_PLATO ugis 3
[INFO] 22:10:39:909 cliente/(5892:9528): Se recibio el mensaje RTA_AGREGAR_PLATO OK
[INFO] 22:10:40:500 cliente/(5892:9531): Se envio el mensaje AGREGAR_PLATO ugis 3
[INFO] 22:10:40:507 cliente/(5892:9531): Se recibio el mensaje RTA_AGREGAR_PLATO OK
[INFO] 22:10:42:281 cliente/(5892:9534): Se envio el mensaje AGREGAR_PLATO ugis 2
[INFO] 22:10:42:285 cliente/(5892:9534): Se recibio el mensaje RTA_AGREGAR_PLATO OK
[INFO] 22:10:44:93 cliente/(5892:9538): Se envio el mensaje AGREGAR_PLATO ugis 2
[INFO] 22:10:44:97 cliente/(5892:9538): Se recibio el mensaje RTA_AGREGAR_PLATO OK
[INFO] 22:10:44:725 cliente/(5892:9542): Se envio el mensaje AGREGAR_PLATO ugis 2
[INFO] 22:10:44:728 cliente/(5892:9542): Se recibio el mensaje RTA_AGREGAR_PLATO OK
[INFO] 22:10:46:202 cliente/(5892:9545): Se envio el mensaje AGREGAR_PLATO ugis 1
[INFO] 22:10:46:206 cliente/(5892:9545): Se recibio el mensaje RTA_AGREGAR_PLATO OK
[INFO] 22:10:50:93 cliente/(5892:9550): Se envio el mensaje AGREGAR_PLATO ugis 1
[INFO] 22:10:50:97 cliente/(5892:9550): Se recibio el mensaje RTA_AGREGAR_PLATO OK
[INFO] 22:10:51:834 cliente/(5892:9553): Se envio el mensaje AGREGAR_PLATO ugis 1
[INFO] 22:10:51:838 cliente/(5892:9553): Se recibio el mensaje RTA_AGREGAR_PLATO OK
[INFO] 22:10:57:992 cliente/(5892:9560): Se envio el mensaje AGREGAR_PLATO ugis 3
[INFO] 22:10:57:998 cliente/(5892:9560): Se recibio el mensaje RTA_AGREGAR_PLATO OK
[INFO] 22:10:59:539 cliente/(5892:9564): Se envio el mensaje AGREGAR_PLATO ugis 2
[INFO] 22:10:59:543 cliente/(5892:9564): Se recibio el mensaje RTA_AGREGAR_PLATO OK
[INFO] 22:11:00:969 cliente/(5892:9567): Se envio el mensaje AGREGAR_PLATO ugis 1
[INFO] 22:11:00:975 cliente/(5892:9567): Se recibio el mensaje RTA_AGREGAR_PLATO OK
[INFO] 22:22:25:59 cliente/(5892:9777): Se envio el mensaje CREAR_PEDIDO
[INFO] 22:22:25:74 cliente/(5892:9777): Se recibio el mensaje RTA_CREAR_PEDIDO 1
[INFO] 22:22:25:665 cliente/(5892:9781): Se envio el mensaje CREAR_PEDIDO
[INFO] 22:22:25:668 cliente/(5892:9781): Se recibio el mensaje RTA_CREAR_PEDIDO 2
[INFO] 22:22:26:212 cliente/(5892:9785): Se envio el mensaje CREAR_PEDIDO
[INFO] 22:22:26:214 cliente/(5892:9785): Se recibio el mensaje RTA_CREAR_PEDIDO 3
[INFO] 22:22:29:23 cliente/(5892:9793): Se envio el mensaje AGREGAR_PLATO ugis 3
[INFO] 22:22:29:40 cliente/(5892:9793): Se recibio el mensaje RTA_AGREGAR_PLATO OK
[INFO] 22:22:29:686 cliente/(5892:9796): Se envio el mensaje AGREGAR_PLATO ugis 3
[INFO] 22:22:29:691 cliente/(5892:9796): Se recibio el mensaje RTA_AGREGAR_PLATO OK
[INFO] 22:22:30:146 cliente/(5892:9800): Se envio el mensaje AGREGAR_PLATO ugis 3
[INFO] 22:22:30:150 cliente/(5892:9800): Se recibio el mensaje RTA_AGREGAR_PLATO OK
[INFO] 22:22:32:166 cliente/(5892:9804): Se envio el mensaje AGREGAR_PLATO ugis 2
[INFO] 22:22:32:172 cliente/(5892:9804): Se recibio el mensaje RTA_AGREGAR_PLATO OK
[INFO] 22:22:32:910 cliente/(5892:9807): Se envio el mensaje AGREGAR_PLATO ugis 2
[INFO] 22:22:32:915 cliente/(5892:9807): Se recibio el mensaje RTA_AGREGAR_PLATO OK
[INFO] 22:22:33:428 cliente/(5892:9810): Se envio el mensaje AGREGAR_PLATO ugis 2
[INFO] 22:22:33:433 cliente/(5892:9810): Se recibio el mensaje RTA_AGREGAR_PLATO OK
[INFO] 22:22:34:946 cliente/(5892:9813): Se envio el mensaje AGREGAR_PLATO ugis 1
[INFO] 22:22:34:949 cliente/(5892:9813): Se recibio el mensaje RTA_AGREGAR_PLATO OK
[INFO] 22:22:35:865 cliente/(5892:9817): Se envio el mensaje AGREGAR_PLATO ugis 1
[INFO] 22:22:35:869 cliente/(5892:9817): Se recibio el mensaje RTA_AGREGAR_PLATO OK
[INFO] 22:22:36:577 cliente/(5892:9821): Se envio el mensaje AGREGAR_PLATO ugis 1
[INFO] 22:22:36:582 cliente/(5892:9821): Se recibio el mensaje RTA_AGREGAR_PLATO OK
[INFO] 22:22:44:592 cliente/(5892:9826): Se envio el mensaje CONFIRMAR_PEDIDO ugis 1
[INFO] 22:22:44:599 cliente/(5892:9826): Se recibio el mensaje RTA_CONFIRMAR_PEDIDO FAIL
[INFO] 22:22:46:433 cliente/(5892:9831): Se envio el mensaje CONFIRMAR_PEDIDO ugis 2
[INFO] 22:22:46:437 cliente/(5892:9831): Se recibio el mensaje RTA_CONFIRMAR_PEDIDO FAIL
[INFO] 22:22:47:986 cliente/(5892:9834): Se envio el mensaje CONFIRMAR_PEDIDO ugis 3
[INFO] 22:22:47:990 cliente/(5892:9834): Se recibio el mensaje RTA_CONFIRMAR_PEDIDO FAIL
[INFO] 22:26:58:51 cliente/(14722:14728): Se envio el mensaje CREAR_PEDIDO
[INFO] 22:26:58:63 cliente/(14722:14728): Se recibio el mensaje RTA_CREAR_PEDIDO 3
[INFO] 22:27:11:719 cliente/(14722:14740): Se envio el mensaje AGREGAR_PLATO ugis 1
[INFO] 22:27:11:733 cliente/(14722:14740): Se recibio el mensaje RTA_AGREGAR_PLATO OK
[INFO] 22:27:16:245 cliente/(14722:14744): Se envio el mensaje AGREGAR_PLATO ugis 1
[INFO] 22:27:16:249 cliente/(14722:14744): Se recibio el mensaje RTA_AGREGAR_PLATO OK
[INFO] 22:27:29:179 cliente/(14722:14752): Se envio el mensaje CONFIRMAR_PEDIDO ugis 1
[INFO] 22:30:34:22 cliente/(14722:14845): Se envio el mensaje CREAR_PEDIDO
[INFO] 22:30:34:37 cliente/(14722:14845): Se recibio el mensaje RTA_CREAR_PEDIDO 3
[INFO] 22:30:37:497 cliente/(14722:14849): Se envio el mensaje AGREGAR_PLATO ugis 1
[INFO] 22:30:37:510 cliente/(14722:14849): Se recibio el mensaje RTA_AGREGAR_PLATO OK
[INFO] 22:30:41:57 cliente/(14722:14855): Se envio el mensaje AGREGAR_PLATO ugis 1
[INFO] 22:30:41:62 cliente/(14722:14855): Se recibio el mensaje RTA_AGREGAR_PLATO OK
[INFO] 22:30:44:67 cliente/(14722:14859): Se envio el mensaje CONFIRMAR_PEDIDO ugis 1
[INFO] 22:30:44:82 cliente/(14722:14859): Se recibio el mensaje RTA_CONFIRMAR_PEDIDO OK
[INFO] 22:34:31:59 cliente/(14722:14979): Se envio el mensaje CREAR_PEDIDO
[INFO] 22:34:31:95 cliente/(14722:14979): Se recibio el mensaje RTA_CREAR_PEDIDO 3
[INFO] 22:34:32:348 cliente/(14722:14983): Se envio el mensaje AGREGAR_PLATO ugis 1
[INFO] 22:34:32:360 cliente/(14722:14983): Se recibio el mensaje RTA_AGREGAR_PLATO OK
[INFO] 22:34:33:513 cliente/(14722:14987): Se envio el mensaje AGREGAR_PLATO ugis 1
[INFO] 22:34:33:515 cliente/(14722:14987): Se recibio el mensaje RTA_AGREGAR_PLATO OK
[INFO] 22:34:36:660 cliente/(14722:14991): Se envio el mensaje CONFIRMAR_PEDIDO ugis 1
[INFO] 22:34:36:668 cliente/(14722:14991): Se recibio el mensaje RTA_CONFIRMAR_PEDIDO OK
[INFO] 22:57:20:99 cliente/(15542:15555): Se envio el mensaje CREAR_PEDIDO
[INFO] 22:57:20:110 cliente/(15542:15555): Se recibio el mensaje RTA_CREAR_PEDIDO 3
[INFO] 22:58:12:50 cliente/(15542:15564): Se envio el mensaje AGREGAR_PLATO AsadoJugoso 1
[INFO] 22:58:12:63 cliente/(15542:15564): Se recibio el mensaje RTA_AGREGAR_PLATO OK
[INFO] 22:58:42:252 cliente/(15542:15575): Se envio el mensaje AGREGAR_PLATO Choripan 2
[INFO] 22:58:42:257 cliente/(15542:15575): Se recibio el mensaje RTA_AGREGAR_PLATO OK
[INFO] 22:59:04:23 cliente/(15542:15584): Se envio el mensaje AGREGAR_PLATO Choripan 2
[INFO] 22:59:04:26 cliente/(15542:15584): Se recibio el mensaje RTA_AGREGAR_PLATO OK
[INFO] 22:59:38:649 cliente/(15542:15598): Se envio el mensaje CONFIRMAR_PEDIDO ElParrillon 1
[INFO] 22:59:38:662 cliente/(15542:15598): Se recibio el mensaje RTA_CONFIRMAR_PEDIDO OK
[INFO] 23:00:34:39 cliente/(15542:15620): Se envio el mensaje CONFIRMAR_PEDIDO ElParrillon 3
[INFO] 23:00:34:54 cliente/(15542:15620): Se recibio el mensaje RTA_CONFIRMAR_PEDIDO OK
[INFO] 23:00:36:900 cliente/(15542:15628): Se envio el mensaje CONFIRMAR_PEDIDO ElParrillon 4
[INFO] 23:00:36:901 cliente/(15542:15628): Se recibio el mensaje RTA_CONFIRMAR_PEDIDO FAIL
[INFO] 23:00:40:240 cliente/(15542:15633): Se envio el mensaje CONFIRMAR_PEDIDO ElParrillon 3
[INFO] 23:00:40:244 cliente/(15542:15633): Se recibio el mensaje RTA_CONFIRMAR_PEDIDO OK
[INFO] 23:00:45:580 cliente/(15542:15640): Se envio el mensaje CONFIRMAR_PEDIDO ElParrillon 2
[INFO] 23:00:45:585 cliente/(15542:15640): Se recibio el mensaje RTA_CONFIRMAR_PEDIDO OK
[INFO] 23:00:48:698 cliente/(15542:15644): Se envio el mensaje CONFIRMAR_PEDIDO ElParrillon 1
[INFO] 23:00:48:702 cliente/(15542:15644): Se recibio el mensaje RTA_CONFIRMAR_PEDIDO OK
[INFO] 23:02:10:928 cliente/(15542:15677): Se envio el mensaje CREAR_PEDIDO
[INFO] 23:02:10:942 cliente/(15542:15677): Se recibio el mensaje RTA_CREAR_PEDIDO 3
[INFO] 23:02:36:539 cliente/(15542:15688): Se envio el mensaje AGREGAR_PLATO Choripan 3
[INFO] 23:02:36:552 cliente/(15542:15688): Se recibio el mensaje RTA_AGREGAR_PLATO OK
[INFO] 23:02:50:638 cliente/(15542:15696): Se envio el mensaje CONFIRMAR_PEDIDO ugis 3
[INFO] 23:02:50:645 cliente/(15542:15696): Se recibio el mensaje RTA_CONFIRMAR_PEDIDO OK
[INFO] 23:03:05:518 cliente/(15542:15704): Se envio el mensaje CONFIRMAR_PEDIDO ElParrillon 3
[INFO] 23:03:05:523 cliente/(15542:15704): Se recibio el mensaje RTA_CONFIRMAR_PEDIDO OK
[INFO] 23:07:03:777 cliente/(15542:15739): Se envio el mensaje CREAR_PEDIDO
[INFO] 23:07:03:792 cliente/(15542:15739): Se recibio el mensaje RTA_CREAR_PEDIDO 3
[INFO] 23:07:51:457 cliente/(15542:15753): Se envio el mensaje AGREGAR_PLATO AsadoJugoso 1
[INFO] 23:07:51:474 cliente/(15542:15753): Se recibio el mensaje RTA_AGREGAR_PLATO OK
[INFO] 23:08:22:312 cliente/(15542:15764): Se envio el mensaje CONFIRMAR_PEDIDO ElParrillon 3
[INFO] 23:08:22:321 cliente/(15542:15764): Se recibio el mensaje RTA_CONFIRMAR_PEDIDO OK
[INFO] 23:08:30:760 cliente/(15542:15774): Se envio el mensaje CONFIRMAR_PEDIDO ugis 3
[INFO] 23:08:30:764 cliente/(15542:15774): Se recibio el mensaje RTA_CONFIRMAR_PEDIDO OK
[INFO] 00:53:03:676 cliente/(16923:16948): Se envio el mensaje CONSULTAR_PLATOS ElParrillon
[INFO] 00:53:03:690 cliente/(16923:16948): Se recibio el mensaje RTA_CONSULTAR_PLATOS AsadoJugoso AsadoSeco Choripan TortillaDePapa
[INFO] 00:54:49:267 cliente/(16923:16955): Se envio el mensaje CREAR_PEDIDO
[INFO] 00:54:49:709 cliente/(16923:16955): Se recibio el mensaje RTA_CREAR_PEDIDO 1
[INFO] 00:55:46:829 cliente/(16923:16968): Se envio el mensaje AGREGAR_PLATO AsadoJugoso 1
[INFO] 00:55:47:65 cliente/(16923:16968): Se recibio el mensaje RTA_AGREGAR_PLATO OK
[INFO] 00:55:57:831 cliente/(16923:16973): Se envio el mensaje CREAR_PEDIDO
[INFO] 00:55:58:342 cliente/(16923:16973): Se recibio el mensaje RTA_CREAR_PEDIDO 2
[INFO] 00:56:32:740 cliente/(16923:16981): Se envio el mensaje AGREGAR_PLATO Choripan 2
[INFO] 00:56:32:962 cliente/(16923:16981): Se recibio el mensaje RTA_AGREGAR_PLATO OK
[INFO] 00:56:34:560 cliente/(16923:16987): Se envio el mensaje AGREGAR_PLATO Choripan 2
[INFO] 00:56:34:726 cliente/(16923:16987): Se recibio el mensaje RTA_AGREGAR_PLATO OK
[INFO] 00:56:36:346 cliente/(16923:16991): Se envio el mensaje AGREGAR_PLATO Choripan 2
[INFO] 00:56:36:530 cliente/(16923:16991): Se recibio el mensaje RTA_AGREGAR_PLATO OK
[INFO] 00:56:37:325 cliente/(16923:16995): Se envio el mensaje AGREGAR_PLATO Choripan 2
[INFO] 00:56:37:489 cliente/(16923:16995): Se recibio el mensaje RTA_AGREGAR_PLATO OK
[INFO] 00:56:37:949 cliente/(16923:16999): Se envio el mensaje AGREGAR_PLATO Choripan 2
[INFO] 00:56:38:30 cliente/(16923:16999): Se recibio el mensaje RTA_AGREGAR_PLATO OK
[INFO] 00:56:51:79 cliente/(16923:17003): Se envio el mensaje CREAR_PEDIDO
[INFO] 00:56:51:438 cliente/(16923:17003): Se recibio el mensaje RTA_CREAR_PEDIDO 3
[INFO] 00:57:10:312 cliente/(16923:17009): Se envio el mensaje AGREGAR_PLATO AsadoSeco 3
[INFO] 00:57:10:475 cliente/(16923:17009): Se recibio el mensaje RTA_AGREGAR_PLATO OK
[INFO] 00:57:13:253 cliente/(16923:17015): Se envio el mensaje AGREGAR_PLATO AsadoSeco 3
[INFO] 00:57:13:488 cliente/(16923:17015): Se recibio el mensaje RTA_AGREGAR_PLATO OK
[INFO] 00:57:38:684 cliente/(16923:17026): Se envio el mensaje CREAR_PEDIDO
[INFO] 00:57:39:47 cliente/(16923:17026): Se recibio el mensaje RTA_CREAR_PEDIDO 4
[INFO] 00:58:07:829 cliente/(16923:17037): Se envio el mensaje AGREGAR_PLATO TortillaDePapa 4
[INFO] 00:58:08:6 cliente/(16923:17037): Se recibio el mensaje RTA_AGREGAR_PLATO OK
[INFO] 00:58:09:428 cliente/(16923:17043): Se envio el mensaje AGREGAR_PLATO TortillaDePapa 4
[INFO] 00:58:09:604 cliente/(16923:17043): Se recibio el mensaje RTA_AGREGAR_PLATO OK
[INFO] 01:00:07:203 cliente/(16923:17068): Se envio el mensaje CONFIRMAR_PEDIDO ElParrillon 1
[INFO] 01:00:07:926 cliente/(16923:17068): Se recibio el mensaje RTA_CONFIRMAR_PEDIDO OK
[INFO] 01:08:44:60 cliente/(16923:17258): Se envio el mensaje CONSULTAR_PLATOS ElParrillon
[INFO] 01:08:44:78 cliente/(16923:17258): Se recibio el mensaje RTA_CONSULTAR_PLATOS AsadoJugoso AsadoSeco Choripan TortillaDePapa
[INFO] 01:09:10:39 cliente/(16923:17261): Se envio el mensaje CREAR_PEDIDO
[INFO] 01:09:10:451 cliente/(16923:17261): Se recibio el mensaje RTA_CREAR_PEDIDO 5
[INFO] 01:10:24:828 cliente/(16923:17275): Se envio el mensaje AGREGAR_PLATO AsadoJugoso 1
[INFO] 01:10:24:844 cliente/(16923:17275): Se recibio el mensaje RTA_AGREGAR_PLATO FAIL
[INFO] 01:12:02:260 cliente/(16923:17282): Se envio el mensaje AGREGAR_PLATO AsadoJugoso 5
[INFO] 01:12:02:363 cliente/(16923:17282): Se recibio el mensaje RTA_AGREGAR_PLATO OK
[INFO] 01:12:27:213 cliente/(16923:17287): Se envio el mensaje CONFIRMAR_PEDIDO ElParrillon 5
[INFO] 01:12:27:438 cliente/(16923:17287): Se recibio el mensaje RTA_CONFIRMAR_PEDIDO OK
[INFO] 01:15:19:996 cliente/(16923:17374): Se envio el mensaje CREAR_PEDIDO
[INFO] 01:15:20:330 cliente/(16923:17374): Se recibio el mensaje RTA_CREAR_PEDIDO 6
[INFO] 01:15:25:120 cliente/(16923:17380): Se envio el mensaje AGREGAR_PLATO AsadoJugoso 6
[INFO] 01:15:25:212 cliente/(16923:17380): Se recibio el mensaje RTA_AGREGAR_PLATO OK
[INFO] 01:15:30:389 cliente/(16923:17386): Se envio el mensaje CONFIRMAR_PEDIDO ElParrillon 6
[INFO] 01:15:30:641 cliente/(16923:17386): Se recibio el mensaje RTA_CONFIRMAR_PEDIDO OK
[INFO] 01:17:01:138 cliente/(16923:17448): Se envio el mensaje CREAR_PEDIDO
[INFO] 01:17:01:557 cliente/(16923:17448): Se recibio el mensaje RTA_CREAR_PEDIDO 7
[INFO] 01:17:09:562 cliente/(16923:17457): Se envio el mensaje AGREGAR_PLATO AsadoJugoso 7
[INFO] 01:17:09:760 cliente/(16923:17457): Se recibio el mensaje RTA_AGREGAR_PLATO OK
[INFO] 01:17:13:183 cliente/(16923:17461): Se envio el mensaje CONFIRMAR_PEDIDO ElParrillon 7
[INFO] 01:17:13:646 cliente/(16923:17461): Se recibio el mensaje RTA_CONFIRMAR_PEDIDO OK
[INFO] 01:19:09:875 cliente/(16923:17547): Se envio el mensaje CREAR_PEDIDO
[INFO] 01:19:10:277 cliente/(16923:17547): Se recibio el mensaje RTA_CREAR_PEDIDO 8
[INFO] 01:19:17:57 cliente/(16923:17553): Se envio el mensaje AGREGAR_PLATO AsadoJugoso 8
[INFO] 01:19:17:163 cliente/(16923:17553): Se recibio el mensaje RTA_AGREGAR_PLATO OK
[INFO] 01:19:20:557 cliente/(16923:17557): Se envio el mensaje AGREGAR_PLATO AsadoJugoso 8
[INFO] 01:19:20:657 cliente/(16923:17557): Se recibio el mensaje RTA_AGREGAR_PLATO OK
[INFO] 01:19:28:437 cliente/(16923:17563): Se envio el mensaje CONFIRMAR_PEDIDO ElParrillon 8
[INFO] 01:19:28:661 cliente/(16923:17563): Se recibio el mensaje RTA_CONFIRMAR_PEDIDO OK
[INFO] 01:23:27:305 cliente/(16923:17651): Se envio el mensaje CREAR_PEDIDO
[INFO] 01:23:27:748 cliente/(16923:17651): Se recibio el mensaje RTA_CREAR_PEDIDO 9
[INFO] 01:23:34:265 cliente/(16923:17659): Se envio el mensaje AGREGAR_PLATO AsadoJugoso 9
[INFO] 01:23:34:359 cliente/(16923:17659): Se recibio el mensaje RTA_AGREGAR_PLATO OK
[INFO] 01:23:36:606 cliente/(16923:17663): Se envio el mensaje AGREGAR_PLATO AsadoJugoso 9
[INFO] 01:23:36:823 cliente/(16923:17663): Se recibio el mensaje RTA_AGREGAR_PLATO OK
[INFO] 01:23:42:495 cliente/(16923:17667): Se envio el mensaje CONFIRMAR_PEDIDO ElParrillon 9
[INFO] 01:23:42:740 cliente/(16923:17667): Se recibio el mensaje RTA_CONFIRMAR_PEDIDO OK
[INFO] 01:26:34:556 cliente/(16923:17776): Se envio el mensaje CREAR_PEDIDO
[INFO] 01:26:34:978 cliente/(16923:17776): Se recibio el mensaje RTA_CREAR_PEDIDO 10
[INFO] 01:26:38:934 cliente/(16923:17782): Se envio el mensaje AGREGAR_PLATO AsadoJugoso 10
[INFO] 01:26:39:365 cliente/(16923:17782): Se recibio el mensaje RTA_AGREGAR_PLATO OK
[INFO] 01:26:42:271 cliente/(16923:17786): Se envio el mensaje AGREGAR_PLATO AsadoJugoso 10
[INFO] 01:26:42:361 cliente/(16923:17786): Se recibio el mensaje RTA_AGREGAR_PLATO OK
[INFO] 01:26:46:737 cliente/(16923:17790): Se envio el mensaje CONFIRMAR_PEDIDO ElParrillon 10
[INFO] 01:26:46:972 cliente/(16923:17790): Se recibio el mensaje RTA_CONFIRMAR_PEDIDO OK
[INFO] 01:29:03:536 cliente/(16923:17874): Se envio el mensaje CREAR_PEDIDO
[INFO] 01:29:03:1 cliente/(16923:17874): Se recibio el mensaje RTA_CREAR_PEDIDO 11
[INFO] 01:29:07:398 cliente/(16923:17880): Se envio el mensaje AGREGAR_PLATO AsadoJugoso 11
[INFO] 01:29:07:512 cliente/(16923:17880): Se recibio el mensaje RTA_AGREGAR_PLATO OK
[INFO] 01:29:09:946 cliente/(16923:17884): Se envio el mensaje AGREGAR_PLATO AsadoJugoso 11
[INFO] 01:29:10:31 cliente/(16923:17884): Se recibio el mensaje RTA_AGREGAR_PLATO OK
[INFO] 01:29:12:803 cliente/(16923:17888): Se envio el mensaje CONFIRMAR_PEDIDO ElParrillon 11
[INFO] 01:29:12:948 cliente/(16923:17888): Se recibio el mensaje RTA_CONFIRMAR_PEDIDO OK
[INFO] 01:45:47:636 cliente/(16923:18176): Se envio el mensaje CREAR_PEDIDO
[INFO] 01:45:48:45 cliente/(16923:18176): Se recibio el mensaje RTA_CREAR_PEDIDO 12
[INFO] 01:45:51:739 cliente/(16923:18182): Se envio el mensaje AGREGAR_PLATO AsadoJugoso 12
[INFO] 01:45:51:952 cliente/(16923:18182): Se recibio el mensaje RTA_AGREGAR_PLATO OK
[INFO] 01:45:53:538 cliente/(16923:18187): Se envio el mensaje AGREGAR_PLATO AsadoJugoso 12
[INFO] 01:45:53:641 cliente/(16923:18187): Se recibio el mensaje RTA_AGREGAR_PLATO OK
[INFO] 01:45:56:995 cliente/(16923:18191): Se envio el mensaje CONFIRMAR_PEDIDO ElParrillon 12
[INFO] 01:45:57:257 cliente/(16923:18191): Se recibio el mensaje RTA_CONFIRMAR_PEDIDO OK
[INFO] 01:48:27:367 cliente/(16923:18268): Se envio el mensaje CREAR_PEDIDO
[INFO] 01:48:27:786 cliente/(16923:18268): Se recibio el mensaje RTA_CREAR_PEDIDO 13
[INFO] 01:48:30:519 cliente/(16923:18276): Se envio el mensaje AGREGAR_PLATO AsadoJugoso 13
[INFO] 01:48:30:732 cliente/(16923:18276): Se recibio el mensaje RTA_AGREGAR_PLATO OK
[INFO] 01:48:33:280 cliente/(16923:18280): Se envio el mensaje AGREGAR_PLATO AsadoJugoso 13
[INFO] 01:48:33:360 cliente/(16923:18280): Se recibio el mensaje RTA_AGREGAR_PLATO OK
[INFO] 01:48:36:93 cliente/(16923:18284): Se envio el mensaje CONFIRMAR_PEDIDO ElParrillon 13
[INFO] 01:48:36:356 cliente/(16923:18284): Se recibio el mensaje RTA_CONFIRMAR_PEDIDO OK
[INFO] 01:59:56:636 cliente/(16923:18503): Se envio el mensaje CREAR_PEDIDO
[INFO] 02:00:04:274 cliente/(16923:18516): Se envio el mensaje CREAR_PEDIDO
[INFO] 02:00:04:761 cliente/(16923:18516): Se recibio el mensaje RTA_CREAR_PEDIDO 14
[INFO] 02:00:07:724 cliente/(16923:18522): Se envio el mensaje AGREGAR_PLATO AsadoJugoso 14
[INFO] 02:00:07:941 cliente/(16923:18522): Se recibio el mensaje RTA_AGREGAR_PLATO OK
[INFO] 02:00:09:896 cliente/(16923:18526): Se envio el mensaje AGREGAR_PLATO AsadoJugoso 14
[INFO] 02:00:10:50 cliente/(16923:18526): Se recibio el mensaje RTA_AGREGAR_PLATO OK
[INFO] 02:00:15:174 cliente/(16923:18530): Se envio el mensaje CONFIRMAR_PEDIDO ElParrillon 14
[INFO] 02:00:15:338 cliente/(16923:18530): Se recibio el mensaje RTA_CONFIRMAR_PEDIDO OK
[INFO] 02:09:47:339 cliente/(16923:18591): Se envio el mensaje CREAR_PEDIDO
[INFO] 02:09:47:778 cliente/(16923:18591): Se recibio el mensaje RTA_CREAR_PEDIDO 15
[INFO] 02:10:09:304 cliente/(16923:18602): Se envio el mensaje AGREGAR_PLATO AsadoJugoso 15
[INFO] 02:10:09:377 cliente/(16923:18602): Se recibio el mensaje RTA_AGREGAR_PLATO OK
[INFO] 02:10:17:733 cliente/(16923:18608): Se envio el mensaje CREAR_PEDIDO
[INFO] 02:10:18:170 cliente/(16923:18608): Se recibio el mensaje RTA_CREAR_PEDIDO 16
[INFO] 02:10:31:965 cliente/(16923:18619): Se envio el mensaje AGREGAR_PLATO Choripan 16
[INFO] 02:10:32:138 cliente/(16923:18619): Se recibio el mensaje RTA_AGREGAR_PLATO OK
[INFO] 02:10:33:685 cliente/(16923:18625): Se envio el mensaje AGREGAR_PLATO Choripan 16
[INFO] 02:10:33:881 cliente/(16923:18625): Se recibio el mensaje RTA_AGREGAR_PLATO OK
[INFO] 02:10:34:881 cliente/(16923:18629): Se envio el mensaje AGREGAR_PLATO Choripan 16
[INFO] 02:10:34:997 cliente/(16923:18629): Se recibio el mensaje RTA_AGREGAR_PLATO OK
[INFO] 02:10:36:30 cliente/(16923:18633): Se envio el mensaje AGREGAR_PLATO Choripan 16
[INFO] 02:10:36:124 cliente/(16923:18633): Se recibio el mensaje RTA_AGREGAR_PLATO OK
[INFO] 02:10:36:922 cliente/(16923:18637): Se envio el mensaje AGREGAR_PLATO Choripan 16
[INFO] 02:10:37:20 cliente/(16923:18637): Se recibio el mensaje RTA_AGREGAR_PLATO OK
[INFO] 02:10:43:341 cliente/(16923:18641): Se envio el mensaje CREAR_PEDIDO
[INFO] 02:10:43:713 cliente/(16923:18641): Se recibio el mensaje RTA_CREAR_PEDIDO 17
[INFO] 02:10:57:310 cliente/(16923:18646): Se envio el mensaje AGREGAR_PLATO AsadoSeco 17
[INFO] 02:10:57:428 cliente/(16923:18646): Se recibio el mensaje RTA_AGREGAR_PLATO OK
[INFO] 02:10:58:674 cliente/(16923:18651): Se envio el mensaje AGREGAR_PLATO AsadoSeco 17
[INFO] 02:10:58:883 cliente/(16923:18651): Se recibio el mensaje RTA_AGREGAR_PLATO OK
[INFO] 02:11:09:759 cliente/(16923:18655): Se envio el mensaje CREAR_PEDIDO
[INFO] 02:11:10:188 cliente/(16923:18655): Se recibio el mensaje RTA_CREAR_PEDIDO 18
[INFO] 02:11:34:216 cliente/(16923:18663): Se envio el mensaje AGREGAR_PLATO TortillaDePapa 18
[INFO] 02:11:34:419 cliente/(16923:18663): Se recibio el mensaje RTA_AGREGAR_PLATO OK
[INFO] 02:11:36:436 cliente/(16923:18669): Se envio el mensaje AGREGAR_PLATO TortillaDePapa 18
[INFO] 02:11:36:536 cliente/(16923:18669): Se recibio el mensaje RTA_AGREGAR_PLATO OK
[INFO] 02:12:03:839 cliente/(16923:18673): Se envio el mensaje CONFIRMAR_PEDIDO ElParrillon 15
[INFO] 02:12:04:53 cliente/(16923:18673): Se recibio el mensaje RTA_CONFIRMAR_PEDIDO OK
[INFO] 02:12:06:439 cliente/(16923:18680): Se envio el mensaje CONFIRMAR_PEDIDO ElParrillon 16
[INFO] 02:12:06:639 cliente/(16923:18680): Se recibio el mensaje RTA_CONFIRMAR_PEDIDO OK
[INFO] 02:12:08:752 cliente/(16923:18686): Se envio el mensaje CONFIRMAR_PEDIDO ElParrillon 17
[INFO] 02:12:09:156 cliente/(16923:18686): Se recibio el mensaje RTA_CONFIRMAR_PEDIDO OK
[INFO] 02:12:11:458 cliente/(16923:18692): Se envio el mensaje CONFIRMAR_PEDIDO ElParrillon 18
[INFO] 02:12:11:815 cliente/(16923:18692): Se recibio el mensaje RTA_CONFIRMAR_PEDIDO OK
[INFO] 19:49:46:728 cliente/(19221:19225): Se envio el mensaje CONSULTAR_PLATOS ElParrillon
[INFO] 19:49:46:741 cliente/(19221:19225): Se recibio el mensaje RTA_CONSULTAR_PLATOS AsadoJugoso AsadoSeco Choripan TortillaDePapa
[INFO] 19:51:30:630 cliente/(19221:19343): Se envio el mensaje CREAR_PEDIDO
[INFO] 19:51:31:83 cliente/(19221:19343): Se recibio el mensaje RTA_CREAR_PEDIDO 1
[INFO] 19:54:18:548 cliente/(19221:19352): Se envio el mensaje AGREGAR_PLATO AsadoJugoso 1
[INFO] 19:54:18:659 cliente/(19221:19352): Se recibio el mensaje RTA_AGREGAR_PLATO OK
[INFO] 19:54:30:614 cliente/(19221:19355): Se envio el mensaje AGREGAR_PLATO Choripan 1
[INFO] 19:54:30:812 cliente/(19221:19355): Se recibio el mensaje RTA_AGREGAR_PLATO OK
[INFO] 19:54:48:306 cliente/(19221:19358): Se envio el mensaje CONFIRMAR_PEDIDO ElParrillon 1
[INFO] 19:54:48:537 cliente/(19221:19358): Se recibio el mensaje RTA_CONFIRMAR_PEDIDO OK
[INFO] 20:10:27:836 cliente/(19221:19493): Se envio el mensaje CONSULTAR_PLATOS ElParrillon
[INFO] 20:10:27:851 cliente/(19221:19493): Se recibio el mensaje RTA_CONSULTAR_PLATOS AsadoJugoso AsadoSeco Choripan TortillaDePapa
[INFO] 20:10:33:193 cliente/(19221:19496): Se envio el mensaje CREAR_PEDIDO
[INFO] 20:10:33:596 cliente/(19221:19496): Se recibio el mensaje RTA_CREAR_PEDIDO 2
[INFO] 20:10:49:489 cliente/(19221:19499): Se envio el mensaje AGREGAR_PLATO AsadoJugoso 2
[INFO] 20:10:49:674 cliente/(19221:19499): Se recibio el mensaje RTA_AGREGAR_PLATO OK
[INFO] 20:11:01:796 cliente/(19221:19502): Se envio el mensaje AGREGAR_PLATO Choripan 2
[INFO] 20:11:01:980 cliente/(19221:19502): Se recibio el mensaje RTA_AGREGAR_PLATO OK
[INFO] 20:11:10:221 cliente/(19221:19505): Se envio el mensaje CONFIRMAR_PEDIDO ElParrillon 2
[INFO] 20:11:10:461 cliente/(19221:19505): Se recibio el mensaje RTA_CONFIRMAR_PEDIDO OK
